sdHLCSG v1.1.2 64-bit (Sep  9 2022)
seedee's Half-Life Compilation Tools
Based on code modifications by Sean 'Zoner' Cavanaugh and Vluzacn
Based on Valve's version, modified with permission.
Submit detailed bug reports to (github.com/seedee/SDHLT/issues)
-----  BEGIN  sdHLCSG -----
Command line: "C:/Users/Joe/Desktop/Modding and  Mapping/Seedees/tools/sdHLCSG_x64.exe" "C:\Program Files (x86)\Steam\steamapps\common\Half-Life\halogs\maps\ff_zbunker" 
Arguments: "C:\Program Files (x86)\Steam\steamapps\common\Half-Life\halogs\maps\ff_zbunker" -low 
Entering C:\Program Files (x86)\Steam\steamapps\common\Half-Life\halogs\maps\ff_zbunker.map

Current sdHLCSG Settings
Name                 |  Setting  |  Default
---------------------|-----------|-------------------------
threads               [      12 ] [  Varies ]
verbose               [     off ] [     off ]
log                   [      on ] [      on ]
reset logfile         [      on ] [      on ]
developer             [       0 ] [       0 ]
chart                 [      on ] [      on ]
estimate              [     off ] [     off ]
max texture memory    [ 33554432 ] [ 33554432 ]
max lighting memory   [ 50331648 ] [ 50331648 ]
priority              [     Low ] [  Normal ]

noclip                [     off ] [     off ]
null texture stripping[      on ] [      on ]
clipnode economy mode [     off ] [     off ]
clip hull type        [  simple ] [  simple ]
onlyents              [     off ] [     off ]
wadtextures           [      on ] [      on ]
skyclip               [      on ] [      on ]
hullfile              [    None ] [    None ]
wad configuration file[    None ] [    None ]
wad.cfg group name    [    None ] [    None ]
nullfile              [    None ] [    None ]
nullify trigger       [      on ] [      on ]
min surface area      [   0.000 ] [   0.000 ]
brush union threshold [   0.000 ] [   0.000 ]
map scaling           [    None ] [    None ]
light name optimize   [      on ] [      on ]
convert game_text     [      on ] [      on ]
world extent          [   65536 ] [   65536 ]

Using mapfile wad configuration
Wadinclude list :
[sdhlt.wad]

CreateBrush:
 (0.01 seconds)
CSGBrush:
 (0.03 seconds)

added 1 additional animating textures.
Including Wadfile: \Users\Joe\Desktop\Modding and  Mapping\Seedees\tools\sdhlt.wad
 - Contains 1 used texture, 5.56 percent of map (27 textures in wad)
Using Wadfile: \Program Files (x86)\Steam\steamapps\common\Half-Life\halogs\fonts.wad
 - Contains 0 used textures, 0.00 percent of map (3 textures in wad)
Using Wadfile: \Program Files (x86)\Steam\steamapps\common\Half-Life\halogs\gfx.wad
 - Contains 0 used textures, 0.00 percent of map (7 textures in wad)
Using Wadfile: \Program Files (x86)\Steam\steamapps\common\Half-Life\halogs\halflife.wad
 - Contains 15 used textures, 83.33 percent of map (3116 textures in wad)
Using Wadfile: \Program Files (x86)\Steam\steamapps\common\Half-Life\halogs\liquids.wad
 - Contains 0 used textures, 0.00 percent of map (32 textures in wad)
Using Wadfile: \Program Files (x86)\Steam\steamapps\common\Half-Life\halogs\tempdecal.wad
 - Contains 0 used textures, 0.00 percent of map (1 textures in wad)
Using Wadfile: \Program Files (x86)\Steam\steamapps\common\Half-Life\halogs\xeno.wad
 - Contains 0 used textures, 0.00 percent of map (264 textures in wad)
Using Wadfile: \Users\Joe\Desktop\Modding and  Mapping\Seedees\tools\hlof.wad
 - Contains 0 used textures, 0.00 percent of map (628 textures in wad)
Using Wadfile: \Program Files (x86)\Steam\steamapps\common\Half-Life\halogs\343_guilty_spark.wad
 - Contains 1 used texture, 5.56 percent of map (5 textures in wad)
Using Wadfile: \Program Files (x86)\Steam\steamapps\common\Half-Life\halogs\bloodgulch.wad
 - Contains 1 used texture, 5.56 percent of map (31 textures in wad)
Using Wadfile: \Program Files (x86)\Steam\steamapps\common\Half-Life\halogs\covie_stuff.wad
 - Contains 0 used textures, 0.00 percent of map (8 textures in wad)
Using Wadfile: \Program Files (x86)\Steam\steamapps\common\Half-Life\halogs\hgs.wad
 - Contains 0 used textures, 0.00 percent of map (1 textures in wad)

Wad files required to run the map: "fonts.wad;gfx.wad;halflife.wad;liquids.wad;tempdecal.wad;xeno.wad;hlof.wad;343_guilty_spark.wad;bloodgulch.wad;covie_stuff.wad;hgs.wad;"
Texture usage is at 0.53 mb (of 32.00 mb MAX)

Object names  Objects/Maxobjs  Memory / Maxmem  Fullness
------------  ---------------  ---------------  --------
models              0/512            0/32768    ( 0.0%)
planes           2644/32768      52880/655360   ( 8.1%)
vertexes            0/65535          0/786420   ( 0.0%)
nodes               0/32767          0/786408   ( 0.0%)
texinfos          186/32767       7440/1310680  ( 0.6%)
faces               0/65535          0/1310700  ( 0.0%)
* worldfaces        0/32768          0/0        ( 0.0%)
clipnodes           0/32767          0/262136   ( 0.0%)
leaves              0/32760          0/917280   ( 0.0%)
* worldleaves       0/8192           0/0        ( 0.0%)
marksurfaces        0/65535          0/131070   ( 0.0%)
surfedges           0/512000         0/2048000  ( 0.0%)
edges               0/256000         0/1024000  ( 0.0%)
texdata          [variable]       2928/33554432 ( 0.0%)
lightdata        [variable]          0/50331648 ( 0.0%)
visdata          [variable]          0/8388608  ( 0.0%)
entdata          [variable]      15091/2097152  ( 0.7%)
* AllocBlock        0/64             0/0        ( 0.0%)
18 textures referenced
=== Total BSP file data space used: 78339 bytes ===
Wad files required to run the map: "fonts.wad;gfx.wad;halflife.wad;liquids.wad;tempdecal.wad;xeno.wad;hlof.wad;343_guilty_spark.wad;bloodgulch.wad;covie_stuff.wad;hgs.wad;"
0.10 seconds elapsed

-----   END   sdHLCSG -----



sdHLBSP v1.1.2 64-bit (Sep  9 2022)
seedee's Half-Life Compilation Tools
Based on code modifications by Sean 'Zoner' Cavanaugh and Vluzacn
Based on Valve's version, modified with permission.
Submit detailed bug reports to (github.com/seedee/SDHLT/issues)
-----  BEGIN  sdHLBSP -----
Command line: "C:/Users/Joe/Desktop/Modding and  Mapping/Seedees/tools/sdHLBSP_x64.exe" "C:\Program Files (x86)\Steam\steamapps\common\Half-Life\halogs\maps\ff_zbunker" 
Arguments: "C:\Program Files (x86)\Steam\steamapps\common\Half-Life\halogs\maps\ff_zbunker" -low 

Current sdHLBSP Settings
Name               |  Setting  |  Default
-------------------|-----------|-------------------------
threads             [      12 ] [  Varies ]
verbose             [     off ] [     off ]
log                 [      on ] [      on ]
developer           [       0 ] [       0 ]
chart               [      on ] [      on ]
estimate            [     off ] [     off ]
max texture memory  [ 33554432 ] [ 33554432 ]
priority            [     Low ] [  Normal ]

noclip              [     off ] [     off ]
nofill              [     off ] [     off ]
noinsidefill        [     off ] [     off ]
noopt               [     off ] [     off ]
no clipnode merging [     off ] [     off ]
null tex. stripping [      on ] [      on ]
notjunc             [     off ] [     off ]
nobrink             [     off ] [     off ]
subdivide size      [     240 ] [     240 ] (Min 64) (Max 512)
max node size       [    1024 ] [    1024 ] (Min 64) (Max 65536)
remove hull 2       [     off ] [     off ]


SolidBSP [hull 0] 499 (0.02 seconds)
BSP generation successful, writing portal file 'C:\Program Files (x86)\Steam\steamapps\common\Half-Life\halogs\maps\ff_zbunker.prt'
SolidBSP [hull 1] 255 (0.01 seconds)
SolidBSP [hull 2] 260 (0.01 seconds)
SolidBSP [hull 3] 257 (0.01 seconds)
Reduced 1048 clipnodes to 991
Reduced 186 texinfos to 167
Reduced 18 texdatas to 17 (2928 bytes to 2884)
Reduced 2644 planes to 658
FixBrinks:
Increased 991 clipnodes to 993.

Object names  Objects/Maxobjs  Memory / Maxmem  Fullness
------------  ---------------  ---------------  --------
models             17/512         1088/32768    ( 3.3%)
planes            658/32768      13160/655360   ( 2.0%)
vertexes         1438/65535      17256/786420   ( 2.2%)
nodes             611/32767      14664/786408   ( 1.9%)
texinfos          167/32767       6680/1310680  ( 0.5%)
faces            1032/65535      20640/1310700  ( 1.6%)
* worldfaces      952/32768          0/0        ( 2.9%)
clipnodes         993/32767       7944/262136   ( 3.0%)
leaves            437/32760      12236/917280   ( 1.3%)
* worldleaves     325/8192           0/0        ( 4.0%)
marksurfaces     1498/65535       2996/131070   ( 2.3%)
surfedges        4888/512000     19552/2048000  ( 1.0%)
edges            2605/256000     10420/1024000  ( 1.0%)
texdata          [variable]       2884/33554432 ( 0.0%)
lightdata        [variable]          0/50331648 ( 0.0%)
visdata          [variable]          0/8388608  ( 0.0%)
entdata          [variable]      15091/2097152  ( 0.7%)
* AllocBlock        3/64             0/0        ( 4.7%)
17 textures referenced
=== Total BSP file data space used: 144611 bytes ===
Wad files required to run the map: "fonts.wad;gfx.wad;halflife.wad;liquids.wad;tempdecal.wad;xeno.wad;hlof.wad;343_guilty_spark.wad;bloodgulch.wad;covie_stuff.wad;hgs.wad;"
0.25 seconds elapsed

-----   END   sdHLBSP -----



sdHLVIS v1.1.2 64-bit (Sep  9 2022)
seedee's Half-Life Compilation Tools
Based on code modifications by Sean 'Zoner' Cavanaugh and Vluzacn
Based on Valve's version, modified with permission.
Submit detailed bug reports to (github.com/seedee/SDHLT/issues)
-----  BEGIN  sdHLVIS -----
Command line: "C:/Users/Joe/Desktop/Modding and  Mapping/Seedees/tools/sdHLVIS_x64.exe" "C:\Program Files (x86)\Steam\steamapps\common\Half-Life\halogs\maps\ff_zbunker" 
Arguments: "C:\Program Files (x86)\Steam\steamapps\common\Half-Life\halogs\maps\ff_zbunker" -low 
 114 portalleafs
 282 numportals

-= Current sdHLVIS Settings =-
Name               |  Setting  |  Default
-------------------|-----------|-------------------------
threads             [      12 ] [  Varies ]
verbose             [     off ] [     off ]
log                 [      on ] [      on ]
developer           [       0 ] [       0 ]
chart               [      on ] [      on ]
estimate            [     off ] [     off ]
max texture memory  [ 33554432 ] [ 33554432 ]
max vis distance    [       0 ] [       0 ]
priority            [     Low ] [  Normal ]

fast vis            [     off ] [     off ]
full vis            [     off ] [     off ]
nofixprt            [     off ] [     off ]


BasePortalVis:
 (0.00 seconds)
LeafThread:
 (0.00 seconds)
average leafs visible: 43
g_visdatasize:3358  compressed from 1710

Reading portal file 'C:\Program Files (x86)\Steam\steamapps\common\Half-Life\halogs\maps\ff_zbunker.prt'
Reduced 398 lines to 284
Optimization for J.A.C.K. map editor successful, writing portal file 'C:\Program Files (x86)\Steam\steamapps\common\Half-Life\halogs\maps\ff_zbunker.prt'

Object names  Objects/Maxobjs  Memory / Maxmem  Fullness
------------  ---------------  ---------------  --------
models             17/512         1088/32768    ( 3.3%)
planes            658/32768      13160/655360   ( 2.0%)
vertexes         1438/65535      17256/786420   ( 2.2%)
nodes             611/32767      14664/786408   ( 1.9%)
texinfos          167/32767       6680/1310680  ( 0.5%)
faces            1032/65535      20640/1310700  ( 1.6%)
* worldfaces      952/32768          0/0        ( 2.9%)
clipnodes         993/32767       7944/262136   ( 3.0%)
leaves            437/32760      12236/917280   ( 1.3%)
* worldleaves     325/8192           0/0        ( 4.0%)
marksurfaces     1498/65535       2996/131070   ( 2.3%)
surfedges        4888/512000     19552/2048000  ( 1.0%)
edges            2605/256000     10420/1024000  ( 1.0%)
texdata          [variable]       2884/33554432 ( 0.0%)
lightdata        [variable]          0/50331648 ( 0.0%)
visdata          [variable]       3358/8388608  ( 0.0%)
entdata          [variable]      15091/2097152  ( 0.7%)
* AllocBlock        3/64             0/0        ( 4.7%)
17 textures referenced
=== Total BSP file data space used: 147969 bytes ===
Wad files required to run the map: "fonts.wad;gfx.wad;halflife.wad;liquids.wad;tempdecal.wad;xeno.wad;hlof.wad;343_guilty_spark.wad;bloodgulch.wad;covie_stuff.wad;hgs.wad;"
0.04 seconds elapsed

-----   END   sdHLVIS -----



sdHLRAD v1.1.2 64-bit (Sep  9 2022)
seedee's Half-Life Compilation Tools
Based on code modifications by Sean 'Zoner' Cavanaugh and Vluzacn
Based on Valve's version, modified with permission.
Submit detailed bug reports to (github.com/seedee/SDHLT/issues)
-----  BEGIN  sdHLRAD -----
Command line: "C:/Users/Joe/Desktop/Modding and  Mapping/Seedees/tools/sdHLRAD_x64.exe" "C:\Program Files (x86)\Steam\steamapps\common\Half-Life\halogs\maps\ff_zbunker" 
Arguments: "C:\Program Files (x86)\Steam\steamapps\common\Half-Life\halogs\maps\ff_zbunker" -low 

-= Current sdHLRAD Settings =-
Name                | Setting             | Default
--------------------|---------------------|-------------------------
threads              [                12 ] [            Varies ]
verbose              [               off ] [               off ]
log                  [                on ] [                on ]
developer            [                 0 ] [                 0 ]
chart                [                on ] [                on ]
estimate             [               off ] [               off ]
max texture memory   [          33554432 ] [          33554432 ]
max lighting memory  [          50331648 ] [          50331648 ]
priority             [               Low ] [            Normal ]

fast rad             [               off ] [               off ]
vismatrix algorithm  [            Sparse ] [            Sparse ]
oversampling (-extra)[               off ] [               off ]
bounces              [                 8 ] [                 8 ]
ambient light        [ 0.000 0.000 0.000 ] [ 0.000 0.000 0.000 ]
light limit threshold[           188.000 ] [           188.000 ]
circus mode          [               off ] [               off ]

smoothing threshold  [            50.000 ] [            50.000 ]
smoothing threshold 2[         no change ] [         no change ]
direct threshold     [            10.000 ] [            10.000 ]
direct light scale   [             1.000 ] [             1.000 ]
coring threshold     [             0.010 ] [             0.010 ]
patch interpolation  [                on ] [                on ]

texscale             [                on ] [                on ]
patch subdividing    [                on ] [                on ]
chop value           [            64.000 ] [            64.000 ]
texchop value        [            32.000 ] [            32.000 ]

global fade          [             1.000 ] [             1.000 ]
global texlight gap  [             0.000 ] [             0.000 ]
global light scale   [ 2.000 2.000 2.000 ] [ 2.000 2.000 2.000 ]
global gamma         [ 0.550 0.550 0.550 ] [ 0.550 0.550 0.550 ]
global light scale   [             2.000 ] [             2.000 ]
global sky diffusion [             1.000 ] [             1.000 ]

spread angles        [                on ] [                on ]
opaque entities      [                on ] [                on ]
sky lighting fix     [                on ] [                on ]
incremental          [               off ] [               off ]
dump                 [               off ] [               off ]

colour jitter        [       0.0 0.0 0.0 ] [       0.0 0.0 0.0 ]
monochromatic jitter [       0.0 0.0 0.0 ] [       0.0 0.0 0.0 ]

custom shadows with bounce light
                     [               off ] [               off ]
rgb transfers        [               off ] [               off ]
minimum final light  [                 0 ] [                 0 ]
size of transfer     [         1 (16bit) ] [         1 (16bit) ]
size of rgbtransfer  [         2 (32bit) ] [         2 (32bit) ]
soft sky             [                on ] [                on ]
translucent depth    [             2.000 ] [             2.000 ]
block opaque         [                on ] [                on ]
ignore textures      [               off ] [               off ]
reflectivity gamma   [             1.760 ] [             1.760 ]
reflectivity scale   [             0.700 ] [             0.700 ]
blur size            [             1.500 ] [             1.500 ]
no emitter range     [               off ] [               off ]
wall bleeding fix    [                on ] [                on ]


Load Textures:
Using Wadfile: C:\Program Files (x86)\Steam\steamapps\common\Half-Life\halogs\maps\ff_zbunker.wa_
17 textures referenced
Reading texlights from 'C:\Users\Joe\Desktop\Modding and  Mapping\Seedees\tools\lights.rad'
0 opaque models
0 opaque faces
1032 faces
Create Patches : 3269 base patches
53655 square feet [7726338.50 square inches]
6 direct lights and 16386 fast direct lights
3 light styles

FindFacePositions:
 (0.05 seconds)
BuildFacelights:
 (0.65 seconds)
BuildVisLeafs:
 (0.06 seconds)
visibility matrix   :   0.6 megs
MakeScales:
 (0.05 seconds)
Transfer Lists :      735306 :   735.31k transfers
       Indices :      636464 :   621.55k bytes
          Data :     1479438 :     1.41M bytes
Bounce 1 GatherLight:
 (0.00 seconds)
Bounce 2 GatherLight:
 (0.01 seconds)
Bounce 3 GatherLight:
 (0.01 seconds)
Bounce 4 GatherLight:
 (0.01 seconds)
Bounce 5 GatherLight:
 (0.01 seconds)
Bounce 6 GatherLight:
 (0.00 seconds)
Bounce 7 GatherLight:
 (0.00 seconds)
Bounce 8 GatherLight:
 (0.00 seconds)
CreateTriangulations:
 (0.01 seconds)
AddPatchLights:
 (0.18 seconds)
FinalLightFace:
 (0.00 seconds)

Object names  Objects/Maxobjs  Memory / Maxmem  Fullness
------------  ---------------  ---------------  --------
models             17/512         1088/32768    ( 3.3%)
planes            658/32768      13160/655360   ( 2.0%)
vertexes         1438/65535      17256/786420   ( 2.2%)
nodes             611/32767      14664/786408   ( 1.9%)
texinfos          167/32767       6680/1310680  ( 0.5%)
faces            1032/65535      20640/1310700  ( 1.6%)
* worldfaces      952/32768          0/0        ( 2.9%)
clipnodes         993/32767       7944/262136   ( 3.0%)
leaves            437/32760      12236/917280   ( 1.3%)
* worldleaves     325/8192           0/0        ( 4.0%)
marksurfaces     1498/65535       2996/131070   ( 2.3%)
surfedges        4888/512000     19552/2048000  ( 1.0%)
edges            2605/256000     10420/1024000  ( 1.0%)
texdata          [variable]       2884/33554432 ( 0.0%)
lightdata        [variable]     180579/50331648 ( 0.4%)
visdata          [variable]       3358/8388608  ( 0.0%)
entdata          [variable]      15091/2097152  ( 0.7%)
* AllocBlock        3/64             0/0        ( 4.7%)
17 textures referenced
=== Total BSP file data space used: 328548 bytes ===
Wad files required to run the map: "fonts.wad;gfx.wad;halflife.wad;liquids.wad;tempdecal.wad;xeno.wad;hlof.wad;343_guilty_spark.wad;bloodgulch.wad;covie_stuff.wad;hgs.wad;"
1.19 seconds elapsed

-----   END   sdHLRAD -----



