114
282
4 0 22 (2048.000000 32.000000 160.000000) (1920.000000 32.000000 160.000000) (1920.000000 2048.000000 160.000000) (2048.000000 2048.000000 160.000000) 
4 0 5 (1920.000000 32.000000 160.000000) (2048.000000 32.000000 160.000000) (2048.000000 32.000000 1152.000000) (1920.000000 32.000000 1152.000000) 
4 0 2 (1920.000000 32.000000 1024.000000) (1920.000000 32.000000 1152.000000) (1920.000000 1920.000000 1152.000000) (1920.000000 1920.000000 1024.000000) 
4 0 1 (1920.000000 2048.000000 1152.000000) (1920.000000 2048.000000 160.000000) (1920.000000 1920.000000 160.000000) (1920.000000 1920.000000 1152.000000) 
4 1 35 (-2048.000000 1920.000000 160.000000) (-2048.000000 2048.000000 160.000000) (-768.000000 2048.000000 160.000000) (-768.000000 1920.000000 160.000000) 
4 1 26 (-768.000000 2048.000000 160.000000) (-256.000000 2048.000000 160.000000) (-256.000000 1920.000000 160.000000) (-768.000000 1920.000000 160.000000) 
4 1 23 (-256.000000 2048.000000 160.000000) (1920.000000 2048.000000 160.000000) (1920.000000 1920.000000 160.000000) (-256.000000 1920.000000 160.000000) 
4 1 2 (1920.000000 1920.000000 1024.000000) (1920.000000 1920.000000 1152.000000) (-1920.000000 1920.000000 1152.000000) (-1920.000000 1920.000000 1024.000000) 
4 1 4 (-2048.000000 1920.000000 1152.000000) (-2048.000000 1920.000000 160.000000) (-1920.000000 1920.000000 160.000000) (-1920.000000 1920.000000 1152.000000) 
4 2 18 (-272.000000 32.000000 1152.000000) (-1920.000000 32.000000 1152.000000) (-1920.000000 32.000000 1024.000000) (-272.000000 32.000000 1024.000000) 
4 2 11 (512.000000 32.000000 1152.000000) (-272.000000 32.000000 1152.000000) (-272.000000 32.000000 1024.000000) (512.000000 32.000000 1024.000000) 
4 2 8 (1312.000000 32.000000 1152.000000) (512.000000 32.000000 1152.000000) (512.000000 32.000000 1024.000000) (1312.000000 32.000000 1024.000000) 
4 2 6 (1920.000000 32.000000 1024.000000) (1920.000000 32.000000 1152.000000) (1312.000000 32.000000 1152.000000) (1312.000000 32.000000 1024.000000) 
4 2 4 (-1920.000000 32.000000 1024.000000) (-1920.000000 32.000000 1152.000000) (-1920.000000 1920.000000 1152.000000) (-1920.000000 1920.000000 1024.000000) 
4 3 36 (-768.000000 32.000000 160.000000) (-1920.000000 32.000000 160.000000) (-1920.000000 1920.000000 160.000000) (-768.000000 1920.000000 160.000000) 
4 3 30 (-256.000000 32.000000 160.000000) (-272.000000 32.000000 160.000000) (-272.000000 64.000000 160.000000) (-256.000000 64.000000 160.000000) 
4 3 31 (-272.000000 32.000000 160.000000) (-768.000000 32.000000 160.000000) (-768.000000 96.000000 160.000000) (-272.000000 96.000000 160.000000) 
4 3 29 (-768.000000 96.000000 160.000000) (-768.000000 896.000000 160.000000) (-256.000000 896.000000 160.000000) (-256.000000 96.000000 160.000000) 
4 3 27 (-768.000000 896.000000 160.000000) (-768.000000 1920.000000 160.000000) (-256.000000 1920.000000 160.000000) (-256.000000 896.000000 160.000000) 
4 3 24 (1920.000000 32.000000 160.000000) (-256.000000 32.000000 160.000000) (-256.000000 1920.000000 160.000000) (1920.000000 1920.000000 160.000000) 
4 3 19 (-1920.000000 32.000000 160.000000) (-272.000000 32.000000 160.000000) (-272.000000 32.000000 1024.000000) (-1920.000000 32.000000 1024.000000) 
4 3 13 (256.000000 32.000000 160.000000) (512.000000 32.000000 160.000000) (512.000000 32.000000 168.000000) (256.000000 32.000000 168.000000) 
4 3 12 (512.000000 32.000000 168.000000) (512.000000 32.000000 1024.000000) (-272.000000 32.000000 1024.000000) (-272.000000 32.000000 168.000000) 
4 3 10 (512.000000 32.000000 160.000000) (1312.000000 32.000000 160.000000) (1312.000000 32.000000 168.000000) (512.000000 32.000000 168.000000) 
4 3 9 (1312.000000 32.000000 168.000000) (1312.000000 32.000000 1024.000000) (512.000000 32.000000 1024.000000) (512.000000 32.000000 168.000000) 
4 3 7 (1312.000000 32.000000 160.000000) (1920.000000 32.000000 160.000000) (1920.000000 32.000000 1024.000000) (1312.000000 32.000000 1024.000000) 
4 4 37 (-1920.000000 32.000000 160.000000) (-2048.000000 32.000000 160.000000) (-2048.000000 1920.000000 160.000000) (-1920.000000 1920.000000 160.000000) 
4 4 20 (-2048.000000 32.000000 160.000000) (-1920.000000 32.000000 160.000000) (-1920.000000 32.000000 1152.000000) (-2048.000000 32.000000 1152.000000) 
4 5 39 (1920.000000 32.000000 160.000000) (2048.000000 32.000000 160.000000) (2048.000000 -544.000000 160.000000) (1920.000000 -544.000000 160.000000) 
4 5 15 (1920.000000 -544.000000 160.000000) (2048.000000 -544.000000 160.000000) (2048.000000 -544.000000 1024.000000) (1920.000000 -544.000000 1024.000000) 
4 5 14 (2048.000000 -544.000000 1024.000000) (2048.000000 -544.000000 1152.000000) (1920.000000 -544.000000 1152.000000) (1920.000000 -544.000000 1024.000000) 
4 5 6 (1920.000000 -544.000000 1152.000000) (1920.000000 32.000000 1152.000000) (1920.000000 32.000000 1024.000000) (1920.000000 -544.000000 1024.000000) 
4 6 14 (1920.000000 -544.000000 1024.000000) (1920.000000 -544.000000 1152.000000) (1312.000000 -544.000000 1152.000000) (1312.000000 -544.000000 1024.000000) 
4 6 8 (1312.000000 -544.000000 1024.000000) (1312.000000 -544.000000 1152.000000) (1312.000000 32.000000 1152.000000) (1312.000000 32.000000 1024.000000) 
4 7 41 (1312.000000 32.000000 160.000000) (1776.000000 32.000000 160.000000) (1776.000000 -544.000000 160.000000) (1312.000000 -544.000000 160.000000) 
4 7 40 (1776.000000 32.000000 160.000000) (1920.000000 32.000000 160.000000) (1920.000000 -544.000000 160.000000) (1776.000000 -544.000000 160.000000) 
4 7 16 (1312.000000 -544.000000 160.000000) (1920.000000 -544.000000 160.000000) (1920.000000 -544.000000 1024.000000) (1312.000000 -544.000000 1024.000000) 
4 7 10 (1312.000000 32.000000 160.000000) (1312.000000 -0.000000 160.000000) (1312.000000 -0.000000 168.000000) (1312.000000 32.000000 168.000000) 
4 7 9 (1312.000000 -544.000000 168.000000) (1312.000000 -544.000000 1024.000000) (1312.000000 32.000000 1024.000000) (1312.000000 32.000000 168.000000) 
4 8 14 (1312.000000 -544.000000 1024.000000) (1312.000000 -544.000000 1152.000000) (512.000000 -544.000000 1152.000000) (512.000000 -544.000000 1024.000000) 
4 8 11 (512.000000 32.000000 1152.000000) (512.000000 32.000000 1024.000000) (512.000000 -544.000000 1024.000000) (512.000000 -544.000000 1152.000000) 
4 9 16 (1312.000000 -544.000000 168.000000) (1312.000000 -544.000000 1024.000000) (512.000000 -544.000000 1024.000000) (512.000000 -544.000000 168.000000) 
4 9 12 (512.000000 32.000000 1024.000000) (512.000000 32.000000 168.000000) (512.000000 -544.000000 168.000000) (512.000000 -544.000000 1024.000000) 
4 9 10 (512.000000 -0.000000 168.000000) (512.000000 32.000000 168.000000) (1312.000000 32.000000 168.000000) (1312.000000 -0.000000 168.000000) 
4 10 13 (512.000000 32.000000 168.000000) (512.000000 32.000000 160.000000) (512.000000 -0.000000 160.000000) (512.000000 -0.000000 168.000000) 
4 11 18 (-272.000000 32.000000 1152.000000) (-272.000000 32.000000 1024.000000) (-272.000000 -544.000000 1024.000000) (-272.000000 -544.000000 1152.000000) 
4 11 14 (512.000000 -544.000000 1024.000000) (512.000000 -544.000000 1152.000000) (-272.000000 -544.000000 1152.000000) (-272.000000 -544.000000 1024.000000) 
4 12 19 (-272.000000 32.000000 1024.000000) (-272.000000 32.000000 168.000000) (-272.000000 -544.000000 168.000000) (-272.000000 -544.000000 1024.000000) 
4 12 16 (512.000000 -544.000000 168.000000) (512.000000 -544.000000 1024.000000) (-272.000000 -544.000000 1024.000000) (-272.000000 -544.000000 168.000000) 
4 12 13 (256.000000 -192.000000 168.000000) (256.000000 32.000000 168.000000) (512.000000 32.000000 168.000000) (512.000000 -192.000000 168.000000) 
3 13 59 (512.000000 -184.877549 160.000000) (512.000000 -192.000000 160.000000) (501.316017 -192.000000 160.000000) 
5 13 58 (512.000000 -96.000000 160.000000) (512.000000 -184.877549 160.000000) (501.316017 -192.000000 160.000000) (256.000000 -192.000000 160.000000) (256.000000 -96.000000 160.000000) 
4 13 57 (512.000000 -0.000000 160.000000) (512.000000 -96.000000 160.000000) (256.000000 -96.000000 160.000000) (256.000000 -0.000000 160.000000) 
4 14 21 (-272.000000 -2048.000000 1024.000000) (-272.000000 -2048.000000 1152.000000) (-272.000000 -1920.000000 1152.000000) (-272.000000 -1920.000000 1024.000000) 
4 14 18 (-272.000000 -1920.000000 1152.000000) (-272.000000 -544.000000 1152.000000) (-272.000000 -544.000000 1024.000000) (-272.000000 -1920.000000 1024.000000) 
4 14 17 (-272.000000 -2048.000000 1024.000000) (-272.000000 -1920.000000 1024.000000) (1920.000000 -1920.000000 1024.000000) (1920.000000 -2048.000000 1024.000000) 
4 14 15 (1920.000000 -544.000000 1024.000000) (2048.000000 -544.000000 1024.000000) (2048.000000 -2048.000000 1024.000000) (1920.000000 -2048.000000 1024.000000) 
4 15 97 (1920.000000 -544.000000 160.000000) (2048.000000 -544.000000 160.000000) (2048.000000 -2048.000000 160.000000) (1920.000000 -2048.000000 160.000000) 
4 15 17 (1920.000000 -1920.000000 160.000000) (1920.000000 -2048.000000 160.000000) (1920.000000 -2048.000000 1024.000000) (1920.000000 -1920.000000 1024.000000) 
4 16 107 (-272.000000 -1920.000000 160.000000) (-272.000000 -1280.000000 160.000000) (1312.000000 -1280.000000 160.000000) (1312.000000 -1920.000000 160.000000) 
4 16 104 (-272.000000 -1280.000000 160.000000) (-272.000000 -544.000000 160.000000) (1312.000000 -544.000000 160.000000) (1312.000000 -1280.000000 160.000000) 
4 16 98 (1312.000000 -544.000000 160.000000) (1920.000000 -544.000000 160.000000) (1920.000000 -704.000000 160.000000) (1312.000000 -704.000000 160.000000) 
4 16 101 (1920.000000 -704.000000 160.000000) (1920.000000 -1920.000000 160.000000) (1312.000000 -1920.000000 160.000000) (1312.000000 -704.000000 160.000000) 
4 16 19 (-272.000000 -544.000000 160.000000) (-272.000000 -1920.000000 160.000000) (-272.000000 -1920.000000 1024.000000) (-272.000000 -544.000000 1024.000000) 
4 17 109 (-272.000000 -2048.000000 160.000000) (-272.000000 -1920.000000 160.000000) (1312.000000 -1920.000000 160.000000) (1312.000000 -2048.000000 160.000000) 
4 17 102 (1312.000000 -1920.000000 160.000000) (1920.000000 -1920.000000 160.000000) (1920.000000 -2048.000000 160.000000) (1312.000000 -2048.000000 160.000000) 
4 17 21 (-272.000000 -1920.000000 160.000000) (-272.000000 -2048.000000 160.000000) (-272.000000 -2048.000000 1024.000000) (-272.000000 -1920.000000 1024.000000) 
4 18 21 (-272.000000 -1920.000000 1024.000000) (-272.000000 -1920.000000 1152.000000) (-1920.000000 -1920.000000 1152.000000) (-1920.000000 -1920.000000 1024.000000) 
4 18 20 (-1920.000000 -1920.000000 1152.000000) (-1920.000000 32.000000 1152.000000) (-1920.000000 32.000000 1024.000000) (-1920.000000 -1920.000000 1024.000000) 
4 19 110 (-288.000000 -1920.000000 160.000000) (-1920.000000 -1920.000000 160.000000) (-1920.000000 -544.000000 160.000000) (-288.000000 -544.000000 160.000000) 
4 19 107 (-272.000000 -1280.000000 160.000000) (-272.000000 -1920.000000 160.000000) (-288.000000 -1920.000000 160.000000) (-288.000000 -1280.000000 160.000000) 
4 19 104 (-272.000000 -544.000000 160.000000) (-272.000000 -1280.000000 160.000000) (-288.000000 -1280.000000 160.000000) (-288.000000 -544.000000 160.000000) 
4 19 94 (-1920.000000 32.000000 160.000000) (-768.000000 32.000000 160.000000) (-768.000000 -544.000000 160.000000) (-1920.000000 -544.000000 160.000000) 
4 19 92 (-768.000000 32.000000 160.000000) (-272.000000 32.000000 160.000000) (-272.000000 -544.000000 160.000000) (-768.000000 -544.000000 160.000000) 
4 20 112 (-2048.000000 -1920.000000 160.000000) (-2048.000000 -544.000000 160.000000) (-1920.000000 -544.000000 160.000000) (-1920.000000 -1920.000000 160.000000) 
4 20 95 (-2048.000000 -544.000000 160.000000) (-2048.000000 32.000000 160.000000) (-1920.000000 32.000000 160.000000) (-1920.000000 -544.000000 160.000000) 
4 20 21 (-2048.000000 -1920.000000 1152.000000) (-2048.000000 -1920.000000 160.000000) (-1920.000000 -1920.000000 160.000000) (-1920.000000 -1920.000000 1152.000000) 
4 21 113 (-2048.000000 -2048.000000 160.000000) (-2048.000000 -1920.000000 160.000000) (-288.000000 -1920.000000 160.000000) (-288.000000 -2048.000000 160.000000) 
4 21 109 (-288.000000 -1920.000000 160.000000) (-272.000000 -1920.000000 160.000000) (-272.000000 -2048.000000 160.000000) (-288.000000 -2048.000000 160.000000) 
4 22 39 (2048.000000 32.000000 160.000000) (1920.000000 32.000000 160.000000) (1920.000000 32.000000 -512.000000) (2048.000000 32.000000 -512.000000) 
4 22 52 (1920.000000 32.000000 -512.000000) (1920.000000 32.000000 -640.000000) (2048.000000 32.000000 -640.000000) (2048.000000 32.000000 -512.000000) 
4 22 25 (1920.000000 1920.000000 -640.000000) (1920.000000 32.000000 -640.000000) (1920.000000 32.000000 -512.000000) (1920.000000 1920.000000 -512.000000) 
4 22 23 (1920.000000 2048.000000 -640.000000) (1920.000000 1920.000000 -640.000000) (1920.000000 1920.000000 160.000000) (1920.000000 2048.000000 160.000000) 
4 23 26 (-256.000000 2048.000000 -640.000000) (-256.000000 1920.000000 -640.000000) (-256.000000 1920.000000 160.000000) (-256.000000 2048.000000 160.000000) 
4 23 25 (-256.000000 1920.000000 -512.000000) (-256.000000 1920.000000 -640.000000) (1920.000000 1920.000000 -640.000000) (1920.000000 1920.000000 -512.000000) 
4 24 90 (-256.000000 32.000000 -32.000000) (-256.000000 32.000000 -512.000000) (244.000000 32.000000 -512.000000) (244.000000 32.000000 -32.000000) 
4 24 72 (244.000000 32.000000 -32.000000) (244.000000 32.000000 -512.000000) (896.000000 32.000000 -512.000000) (896.000000 32.000000 -32.000000) 
4 24 51 (896.000000 32.000000 -32.000000) (896.000000 32.000000 -512.000000) (1312.000000 32.000000 -512.000000) (1312.000000 32.000000 -32.000000) 
4 24 42 (1312.000000 32.000000 -0.000000) (1312.000000 32.000000 -512.000000) (1776.000000 32.000000 -512.000000) (1776.000000 32.000000 -0.000000) 
4 24 41 (1776.000000 32.000000 160.000000) (1312.000000 32.000000 160.000000) (1312.000000 32.000000 -0.000000) (1776.000000 32.000000 -0.000000) 
4 24 40 (1920.000000 32.000000 160.000000) (1776.000000 32.000000 160.000000) (1776.000000 32.000000 -512.000000) (1920.000000 32.000000 -512.000000) 
4 24 33 (-256.000000 32.000000 -512.000000) (-256.000000 32.000000 -32.000000) (-256.000000 896.000000 -32.000000) (-256.000000 896.000000 -512.000000) 
4 24 32 (-256.000000 32.000000 -32.000000) (-256.000000 32.000000 -0.000000) (-256.000000 896.000000 -0.000000) (-256.000000 896.000000 -32.000000) 
4 24 30 (-256.000000 32.000000 -0.000000) (-256.000000 32.000000 160.000000) (-256.000000 64.000000 160.000000) (-256.000000 64.000000 0.000000) 
4 24 29 (-256.000000 96.000000 160.000000) (-256.000000 896.000000 160.000000) (-256.000000 896.000000 -0.000000) (-256.000000 96.000000 0.000000) 
4 24 27 (-256.000000 896.000000 160.000000) (-256.000000 1920.000000 160.000000) (-256.000000 1920.000000 -512.000000) (-256.000000 896.000000 -512.000000) 
4 25 91 (-256.000000 32.000000 -512.000000) (-256.000000 32.000000 -640.000000) (244.000000 32.000000 -640.000000) (244.000000 32.000000 -512.000000) 
4 25 73 (244.000000 32.000000 -640.000000) (896.000000 32.000000 -640.000000) (896.000000 32.000000 -512.000000) (244.000000 32.000000 -512.000000) 
4 25 52 (896.000000 32.000000 -640.000000) (1920.000000 32.000000 -640.000000) (1920.000000 32.000000 -512.000000) (896.000000 32.000000 -512.000000) 
4 25 34 (-256.000000 896.000000 -640.000000) (-256.000000 32.000000 -640.000000) (-256.000000 32.000000 -512.000000) (-256.000000 896.000000 -512.000000) 
4 25 28 (-256.000000 1920.000000 -640.000000) (-256.000000 896.000000 -640.000000) (-256.000000 896.000000 -512.000000) (-256.000000 1920.000000 -512.000000) 
4 26 35 (-768.000000 1920.000000 160.000000) (-768.000000 2048.000000 160.000000) (-768.000000 2048.000000 -640.000000) (-768.000000 1920.000000 -640.000000) 
4 26 28 (-768.000000 1920.000000 -512.000000) (-768.000000 1920.000000 -640.000000) (-256.000000 1920.000000 -640.000000) (-256.000000 1920.000000 -512.000000) 
4 27 36 (-768.000000 896.000000 160.000000) (-768.000000 1920.000000 160.000000) (-768.000000 1920.000000 -512.000000) (-768.000000 896.000000 -512.000000) 
4 27 33 (-256.000000 896.000000 -512.000000) (-256.000000 896.000000 -32.000000) (-768.000000 896.000000 -32.000000) (-768.000000 896.000000 -512.000000) 
4 27 32 (-256.000000 896.000000 -32.000000) (-256.000000 896.000000 -0.000000) (-272.000000 896.000000 0.000000) (-272.000000 896.000000 -32.000000) 
4 27 29 (-256.000000 896.000000 -0.000000) (-256.000000 896.000000 160.000000) (-768.000000 896.000000 160.000000) (-768.000000 896.000000 -0.000000) 
4 28 38 (-768.000000 1920.000000 -512.000000) (-768.000000 1920.000000 -640.000000) (-768.000000 896.000000 -640.000000) (-768.000000 896.000000 -512.000000) 
4 28 34 (-256.000000 896.000000 -640.000000) (-256.000000 896.000000 -512.000000) (-768.000000 896.000000 -512.000000) (-768.000000 896.000000 -640.000000) 
4 29 36 (-768.000000 96.000000 160.000000) (-768.000000 896.000000 160.000000) (-768.000000 896.000000 -0.000000) (-768.000000 96.000000 0.000000) 
4 29 32 (-272.000000 896.000000 0.000000) (-256.000000 896.000000 0.000000) (-256.000000 96.000000 0.000000) (-272.000000 96.000000 0.000000) 
4 29 31 (-272.000000 96.000000 160.000000) (-768.000000 96.000000 160.000000) (-768.000000 96.000000 -0.000000) (-272.000000 96.000000 0.000000) 
4 30 87 (-260.000000 32.000000 160.000000) (-268.000000 32.000000 160.000000) (-268.000000 32.000000 0.000000) (-260.000000 32.000000 0.000000) 
4 30 32 (-256.000000 64.000000 0.000000) (-256.000000 32.000000 0.000000) (-272.000000 32.000000 0.000000) (-272.000000 64.000000 0.000000) 
4 30 31 (-272.000000 64.000000 0.000000) (-272.000000 32.000000 0.000000) (-272.000000 32.000000 160.000000) (-272.000000 64.000000 160.000000) 
4 31 92 (-272.000000 32.000000 160.000000) (-768.000000 32.000000 160.000000) (-768.000000 32.000000 -0.000000) (-272.000000 32.000000 0.000000) 
4 31 36 (-768.000000 32.000000 -0.000000) (-768.000000 32.000000 160.000000) (-768.000000 96.000000 160.000000) (-768.000000 96.000000 0.000000) 
4 32 33 (-272.000000 896.000000 -32.000000) (-256.000000 896.000000 -32.000000) (-256.000000 32.000000 -32.000000) (-272.000000 32.000000 -32.000000) 
4 33 93 (-768.000000 32.000000 -32.000000) (-768.000000 32.000000 -512.000000) (-272.000000 32.000000 -512.000000) (-272.000000 32.000000 -32.000000) 
4 33 90 (-272.000000 32.000000 -512.000000) (-256.000000 32.000000 -512.000000) (-256.000000 32.000000 -32.000000) (-272.000000 32.000000 -32.000000) 
4 33 36 (-768.000000 32.000000 -512.000000) (-768.000000 32.000000 -32.000000) (-768.000000 896.000000 -32.000000) (-768.000000 896.000000 -512.000000) 
4 34 96 (-768.000000 32.000000 -512.000000) (-768.000000 32.000000 -640.000000) (-272.000000 32.000000 -640.000000) (-272.000000 32.000000 -512.000000) 
4 34 91 (-272.000000 32.000000 -640.000000) (-256.000000 32.000000 -640.000000) (-256.000000 32.000000 -512.000000) (-272.000000 32.000000 -512.000000) 
4 34 38 (-768.000000 32.000000 -640.000000) (-768.000000 32.000000 -512.000000) (-768.000000 896.000000 -512.000000) (-768.000000 896.000000 -640.000000) 
4 35 37 (-1920.000000 1920.000000 160.000000) (-2048.000000 1920.000000 160.000000) (-2048.000000 1920.000000 -512.000000) (-1920.000000 1920.000000 -512.000000) 
4 35 38 (-2048.000000 1920.000000 -640.000000) (-768.000000 1920.000000 -640.000000) (-768.000000 1920.000000 -512.000000) (-2048.000000 1920.000000 -512.000000) 
4 36 94 (-768.000000 32.000000 160.000000) (-1920.000000 32.000000 160.000000) (-1920.000000 32.000000 -512.000000) (-768.000000 32.000000 -512.000000) 
4 37 95 (-1920.000000 32.000000 160.000000) (-2048.000000 32.000000 160.000000) (-2048.000000 32.000000 -512.000000) (-1920.000000 32.000000 -512.000000) 
4 37 38 (-1920.000000 32.000000 -512.000000) (-2048.000000 32.000000 -512.000000) (-2048.000000 1920.000000 -512.000000) (-1920.000000 1920.000000 -512.000000) 
4 38 96 (-2048.000000 32.000000 -512.000000) (-2048.000000 32.000000 -640.000000) (-768.000000 32.000000 -640.000000) (-768.000000 32.000000 -512.000000) 
4 39 97 (2048.000000 -544.000000 -512.000000) (2048.000000 -544.000000 160.000000) (1920.000000 -544.000000 160.000000) (1920.000000 -544.000000 -512.000000) 
4 39 52 (1920.000000 32.000000 -512.000000) (2048.000000 32.000000 -512.000000) (2048.000000 -544.000000 -512.000000) (1920.000000 -544.000000 -512.000000) 
4 40 99 (1776.000000 -544.000000 -0.000000) (1776.000000 -544.000000 -512.000000) (1920.000000 -544.000000 -512.000000) (1920.000000 -544.000000 -0.000000) 
4 40 98 (1920.000000 -544.000000 160.000000) (1776.000000 -544.000000 160.000000) (1776.000000 -544.000000 -0.000000) (1920.000000 -544.000000 -0.000000) 
4 40 43 (1776.000000 16.000000 -512.000000) (1776.000000 -544.000000 -512.000000) (1776.000000 -544.000000 -32.000000) (1776.000000 16.000000 -32.000000) 
4 40 42 (1776.000000 32.000000 -0.000000) (1776.000000 32.000000 -512.000000) (1776.000000 16.000000 -512.000000) (1776.000000 16.000000 0.000000) 
4 40 41 (1776.000000 32.000000 160.000000) (1776.000000 32.000000 -0.000000) (1776.000000 -544.000000 -0.000000) (1776.000000 -544.000000 160.000000) 
4 41 98 (1776.000000 -544.000000 160.000000) (1312.000000 -544.000000 160.000000) (1312.000000 -544.000000 -0.000000) (1776.000000 -544.000000 -0.000000) 
4 41 44 (1312.000000 -32.000000 0.000000) (1312.000000 -160.000000 0.000000) (1312.000000 -160.000000 128.000000) (1312.000000 -32.000000 128.000000) 
4 41 42 (1312.000000 16.000000 0.000000) (1312.000000 32.000000 0.000000) (1776.000000 32.000000 0.000000) (1776.000000 16.000000 0.000000) 
4 42 51 (1312.000000 32.000000 -32.000000) (1312.000000 32.000000 -512.000000) (1312.000000 16.000000 -512.000000) (1312.000000 16.000000 -32.000000) 
4 42 43 (1312.000000 16.000000 -32.000000) (1312.000000 16.000000 -512.000000) (1776.000000 16.000000 -512.000000) (1776.000000 16.000000 -32.000000) 
4 43 100 (1312.000000 -544.000000 -32.000000) (1312.000000 -544.000000 -512.000000) (1776.000000 -544.000000 -512.000000) (1776.000000 -544.000000 -32.000000) 
4 43 51 (1312.000000 16.000000 -512.000000) (1312.000000 -544.000000 -512.000000) (1312.000000 -544.000000 -32.000000) (1312.000000 16.000000 -32.000000) 
4 44 45 (1280.000000 -32.000000 0.000000) (1280.000000 -160.000000 0.000000) (1280.000000 -160.000000 128.000000) (1280.000000 -32.000000 128.000000) 
4 45 53 (896.000000 -0.000000 0.000000) (896.000000 -384.000000 0.000000) (896.000000 -384.000000 160.000000) (896.000000 -0.000000 160.000000) 
4 45 47 (924.000000 -402.000000 32.000000) (924.000000 -402.000000 160.000000) (896.287000 -418.000000 160.000000) (896.287000 -418.000000 32.000000) 
4 45 48 (896.000000 -418.165698 0.000000) (896.287000 -418.000000 0.000000) (896.287000 -418.000000 160.000000) (896.000000 -418.165698 160.000000) 
4 45 46 (924.000000 -402.000000 0.000000) (1280.000000 -196.464692 -0.000000) (1280.000000 -196.464692 160.000000) (924.000000 -402.000000 160.000000) 
4 46 50 (1024.000000 -512.000000 0.000000) (1152.000000 -512.000000 0.000000) (1152.000000 -512.000000 128.000000) (1024.000000 -512.000000 128.000000) 
4 46 47 (940.000000 -429.713000 32.000000) (940.000000 -429.713000 160.000000) (924.000000 -402.000000 160.000000) (924.000000 -402.000000 32.000000) 
4 46 49 (940.000000 -429.713000 0.000000) (987.508101 -512.000000 0.000000) (987.508101 -512.000000 160.000000) (940.000000 -429.713000 160.000000) 
4 47 48 (912.287000 -445.713000 32.000000) (912.287000 -445.713000 160.000000) (896.287000 -418.000000 160.000000) (896.287000 -418.000000 32.000000) 
4 47 49 (940.000000 -429.713000 32.000000) (940.000000 -429.713000 160.000000) (912.287000 -445.713000 160.000000) (912.287000 -445.713000 32.000000) 
4 48 49 (896.000000 -455.116240 0.000000) (912.287000 -445.713000 0.000000) (912.287000 -445.713000 160.000000) (896.000000 -455.116240 160.000000) 
4 50 104 (1024.000000 -544.000000 0.000000) (1152.000000 -544.000000 0.000000) (1152.000000 -544.000000 128.000000) (1024.000000 -544.000000 128.000000) 
4 51 105 (896.000000 -544.000000 -32.000000) (896.000000 -544.000000 -512.000000) (1312.000000 -544.000000 -512.000000) (1312.000000 -544.000000 -32.000000) 
4 51 72 (896.000000 32.000000 -32.000000) (896.000000 32.000000 -512.000000) (896.000000 -544.000000 -512.000000) (896.000000 -544.000000 -32.000000) 
4 52 106 (1312.000000 -544.000000 -512.000000) (896.000000 -544.000000 -512.000000) (896.000000 -544.000000 -640.000000) (1312.000000 -544.000000 -640.000000) 
4 52 103 (2048.000000 -544.000000 -640.000000) (2048.000000 -544.000000 -512.000000) (1312.000000 -544.000000 -512.000000) (1312.000000 -544.000000 -640.000000) 
4 52 73 (896.000000 32.000000 -512.000000) (896.000000 32.000000 -640.000000) (896.000000 -544.000000 -640.000000) (896.000000 -544.000000 -512.000000) 
4 53 64 (744.000000 -384.000000 0.000000) (856.000000 -384.000000 0.000000) (856.000000 -384.000000 128.000000) (744.000000 -384.000000 128.000000) 
4 53 69 (704.000000 -384.000000 160.000000) (621.104549 -384.000000 160.000000) (621.104549 -384.000000 0.000000) (704.000000 -384.000000 0.000000) 
4 53 55 (842.806756 0.000000 48.000000) (842.806756 0.000000 -0.000000) (824.000000 -32.574300 0.000000) (824.000000 -32.574300 48.000000) 
4 53 54 (842.806756 0.000000 160.000000) (842.806756 0.000000 48.000000) (792.000000 -88.000000 48.000000) (792.000000 -88.000000 160.000000) 
4 53 56 (792.000000 -88.000000 0.000000) (621.104549 -384.000000 0.000000) (621.104549 -384.000000 160.000000) (792.000000 -88.000000 160.000000) 
4 54 57 (736.574000 -56.000000 160.000000) (768.905564 -0.000000 160.000000) (768.905564 0.000000 48.000000) (736.574000 -56.000000 48.000000) 
4 54 55 (768.574000 -0.574287 48.000000) (768.905564 0.000000 48.000000) (842.806756 -0.000000 48.000000) (824.000000 -32.574300 48.000000) 
4 54 56 (736.574000 -56.000000 160.000000) (736.574000 -56.000000 48.000000) (792.000000 -88.000000 48.000000) (792.000000 -88.000000 160.000000) 
4 55 57 (768.905564 0.000000 48.000000) (768.905564 -0.000000 0.000000) (768.574000 -0.574287 0.000000) (768.574000 -0.574287 48.000000) 
4 56 69 (621.104549 -384.000000 160.000000) (547.203409 -384.000000 160.000000) (547.203409 -384.000000 0.000000) (621.104549 -384.000000 0.000000) 
3 56 60 (713.480026 -96.000000 103.057256) (713.480026 -96.000000 0.000000) (610.424316 -274.498005 0.000000) 
5 56 59 (547.203409 -384.000000 -0.000000) (547.203409 -384.000000 160.000000) (713.480026 -96.000000 160.000000) (713.480026 -96.000000 103.057256) (610.424316 -274.498005 0.000000) 
4 56 57 (713.480026 -96.000000 160.000000) (736.574000 -56.000000 160.000000) (736.574000 -56.000000 0.000000) (713.480026 -96.000000 0.000000) 
4 57 60 (506.752043 -96.000000 0.000000) (713.480026 -96.000000 -0.000000) (713.480026 -96.000000 103.057256) (596.004186 -96.000000 103.056498) 
4 57 59 (713.480026 -96.000000 103.057256) (713.480026 -96.000000 160.000000) (645.320140 -96.000000 160.000000) (596.004186 -96.000000 103.056498) 
4 57 58 (256.000000 -96.000000 0.000000) (506.752043 -96.000000 0.000000) (645.320140 -96.000000 160.000000) (256.000000 -96.000000 160.000000) 
4 58 75 (244.000000 -363.539099 160.000000) (244.000000 -96.000000 160.000000) (244.000000 -96.000000 0.000000) (244.000000 -271.163013 0.000000) 
4 58 61 (452.287000 -151.856000 33.856400) (452.287000 -132.308989 0.000000) (480.000000 -113.834185 0.000000) (480.000000 -138.000000 41.856400) 
4 58 60 (506.752043 -96.000000 -0.000000) (596.004186 -96.000000 103.056498) (480.000000 -154.000000 69.569200) (480.000000 -113.834185 0.000000) 
4 58 63 (452.287000 -167.856000 61.569200) (244.000000 -271.995742 1.442328) (244.000000 -271.163013 -0.000000) (452.287000 -132.308989 0.000000) 
4 58 59 (596.004186 -96.000000 103.056498) (645.320140 -96.000000 160.000000) (244.000000 -363.539099 160.000000) (244.000000 -271.995742 1.442328) 
5 59 75 (244.000000 -384.000000 160.000000) (244.000000 -363.539099 160.000000) (244.000000 -271.995742 1.442328) (244.000000 -274.493910 0.000000) (244.000000 -384.000000 0.000000) 
4 59 70 (272.000000 -384.000000 160.000000) (244.000000 -384.000000 160.000000) (244.000000 -384.000000 -0.000000) (272.000000 -384.000000 0.000000) 
4 59 69 (547.203409 -384.000000 160.000000) (272.000000 -384.000000 160.000000) (272.000000 -384.000000 0.000000) (547.203409 -384.000000 0.000000) 
4 59 62 (560.331630 -274.497445 0.000000) (523.381022 -274.497032 0.000000) (468.287000 -191.856000 47.712800) (496.000000 -178.000000 55.712800) 
5 59 60 (713.480026 -96.000000 103.057256) (610.424316 -274.498005 -0.000000) (560.331630 -274.497445 0.000000) (480.000000 -154.000000 69.569200) (596.004186 -96.000000 103.056498) 
4 59 63 (523.381022 -274.497032 0.000000) (244.000000 -274.493910 0.000000) (244.000000 -271.995742 1.442328) (452.287000 -167.856000 61.569200) 
4 60 61 (480.000000 -113.834185 0.000000) (496.000000 -145.834185 0.000000) (496.000000 -162.000000 28.000000) (480.000000 -138.000000 41.856400) 
3 60 62 (496.000000 -145.834185 0.000000) (560.331630 -274.497445 -0.000000) (496.000000 -178.000000 55.712800) 
4 61 62 (468.287000 -175.856000 20.000000) (468.287000 -164.308989 -0.000000) (496.000000 -145.834185 0.000000) (496.000000 -162.000000 28.000000) 
4 61 63 (452.287000 -151.856000 33.856400) (452.287000 -132.308989 -0.000000) (468.287000 -164.308989 0.000000) (468.287000 -175.856000 20.000000) 
3 62 63 (468.287000 -164.308989 0.000000) (523.381022 -274.497032 0.000000) (468.287000 -191.856000 47.712800) 
3 63 75 (244.000000 -271.995742 1.442328) (244.000000 -271.163013 0.000000) (244.000000 -274.493910 0.000000) 
4 64 66 (832.000000 -392.000000 0.000000) (856.000000 -392.000000 0.000000) (856.000000 -392.000000 48.000000) (832.000000 -392.000000 48.000000) 
4 64 68 (744.000000 -392.000000 0.000000) (768.000000 -392.000000 0.000000) (768.000000 -392.000000 48.000000) (744.000000 -392.000000 48.000000) 
4 64 65 (856.000000 -392.000000 48.000000) (856.000000 -392.000000 128.000000) (744.000000 -392.000000 128.000000) (744.000000 -392.000000 48.000000) 
4 65 67 (832.000000 -512.000000 48.000000) (768.000000 -512.000000 48.000000) (768.000000 -456.000000 48.000000) (832.000000 -456.000000 48.000000) 
4 65 66 (888.000000 -512.000000 48.000000) (832.000000 -512.000000 48.000000) (832.000000 -392.000000 48.000000) (888.000000 -392.000000 48.000000) 
4 65 68 (768.000000 -512.000000 48.000000) (712.000000 -512.000000 48.000000) (712.000000 -392.000000 48.000000) (768.000000 -392.000000 48.000000) 
4 66 67 (832.000000 -456.000000 0.000000) (832.000000 -512.000000 -0.000000) (832.000000 -512.000000 48.000000) (832.000000 -456.000000 48.000000) 
4 67 68 (768.000000 -456.000000 0.000000) (768.000000 -512.000000 0.000000) (768.000000 -512.000000 48.000000) (768.000000 -456.000000 48.000000) 
4 69 71 (272.000000 -448.000000 0.000000) (272.000000 -512.000000 -0.000000) (272.000000 -512.000000 160.000000) (272.000000 -448.000000 160.000000) 
4 69 70 (272.000000 -384.000000 160.000000) (272.000000 -384.000000 -0.000000) (272.000000 -416.000000 0.000000) (272.000000 -416.000000 160.000000) 
4 70 75 (244.000000 -416.000000 160.000000) (244.000000 -384.000000 160.000000) (244.000000 -384.000000 0.000000) (244.000000 -416.000000 0.000000) 
4 71 80 (244.000000 -512.000000 160.000000) (244.000000 -448.000000 160.000000) (244.000000 -448.000000 0.000000) (244.000000 -512.000000 0.000000) 
4 72 105 (896.000000 -544.000000 -512.000000) (896.000000 -544.000000 -32.000000) (244.000000 -544.000000 -32.000000) (244.000000 -544.000000 -512.000000) 
4 72 90 (244.000000 -544.000000 -512.000000) (244.000000 -544.000000 -32.000000) (244.000000 32.000000 -32.000000) (244.000000 32.000000 -512.000000) 
4 73 106 (896.000000 -544.000000 -640.000000) (896.000000 -544.000000 -512.000000) (244.000000 -544.000000 -512.000000) (244.000000 -544.000000 -640.000000) 
4 73 91 (244.000000 -544.000000 -640.000000) (244.000000 -544.000000 -512.000000) (244.000000 32.000000 -512.000000) (244.000000 32.000000 -640.000000) 
4 74 88 (-256.000000 -32.000000 0.000000) (-256.000000 -80.000000 0.000000) (-256.000000 -80.000000 96.000000) (-256.000000 -32.000000 96.000000) 
4 74 76 (-256.000000 -80.000000 160.000000) (-256.000000 -80.000000 -0.000000) (48.000000 -80.000000 0.000000) (48.000000 -80.000000 160.000000) 
4 74 75 (80.000000 -80.000000 0.000000) (244.000000 -80.000000 -0.000000) (244.000000 -80.000000 160.000000) (80.000000 -80.000000 160.000000) 
4 75 78 (80.000000 -416.000000 0.000000) (240.000000 -416.000000 0.000000) (240.000000 -416.000000 160.000000) (80.000000 -416.000000 160.000000) 
4 75 77 (80.000000 -112.000000 0.000000) (80.000000 -416.000000 0.000000) (80.000000 -416.000000 160.000000) (80.000000 -112.000000 160.000000) 
4 76 88 (-256.000000 -80.000000 0.000000) (-256.000000 -112.000000 0.000000) (-256.000000 -112.000000 96.000000) (-256.000000 -80.000000 96.000000) 
4 76 77 (-256.000000 -112.000000 160.000000) (-256.000000 -112.000000 -0.000000) (48.000000 -112.000000 0.000000) (48.000000 -112.000000 160.000000) 
4 77 88 (-256.000000 -112.000000 0.000000) (-256.000000 -160.000000 0.000000) (-256.000000 -160.000000 96.000000) (-256.000000 -112.000000 96.000000) 
4 77 79 (-256.000000 -416.000000 160.000000) (-256.000000 -416.000000 -0.000000) (48.000000 -416.000000 0.000000) (48.000000 -416.000000 160.000000) 
4 78 80 (80.000000 -448.000000 0.000000) (240.000000 -448.000000 0.000000) (240.000000 -448.000000 160.000000) (80.000000 -448.000000 160.000000) 
4 79 80 (-256.000000 -448.000000 0.000000) (48.000000 -448.000000 0.000000) (48.000000 -448.000000 160.000000) (-256.000000 -448.000000 160.000000) 
4 80 85 (-192.000000 -512.000000 0.000000) (-64.000000 -512.000000 0.000000) (-64.000000 -512.000000 128.000000) (-192.000000 -512.000000 128.000000) 
4 80 86 (-256.000000 -512.000000 0.000000) (-224.000000 -512.000000 0.000000) (-224.000000 -512.000000 128.000000) (-256.000000 -512.000000 128.000000) 
4 80 84 (-32.000000 -512.000000 0.000000) (224.000000 -512.000000 0.000000) (224.000000 -512.000000 128.000000) (-32.000000 -512.000000 128.000000) 
4 80 82 (-64.000000 -512.000000 160.000000) (-192.000000 -512.000000 160.000000) (-192.000000 -512.000000 144.000000) (-64.000000 -512.000000 144.000000) 
4 80 83 (-224.000000 -512.000000 160.000000) (-256.000000 -512.000000 160.000000) (-256.000000 -512.000000 144.000000) (-224.000000 -512.000000 144.000000) 
4 80 81 (224.000000 -512.000000 160.000000) (-32.000000 -512.000000 160.000000) (-32.000000 -512.000000 144.000000) (224.000000 -512.000000 144.000000) 
4 81 104 (224.000000 -544.000000 160.000000) (-32.000000 -544.000000 160.000000) (-32.000000 -544.000000 144.000000) (224.000000 -544.000000 144.000000) 
4 82 104 (-64.000000 -544.000000 160.000000) (-192.000000 -544.000000 160.000000) (-192.000000 -544.000000 144.000000) (-64.000000 -544.000000 144.000000) 
4 83 104 (-224.000000 -544.000000 160.000000) (-256.000000 -544.000000 160.000000) (-256.000000 -544.000000 144.000000) (-224.000000 -544.000000 144.000000) 
4 84 104 (224.000000 -544.000000 128.000000) (-32.000000 -544.000000 128.000000) (-32.000000 -544.000000 0.000000) (224.000000 -544.000000 0.000000) 
4 85 104 (-64.000000 -544.000000 128.000000) (-192.000000 -544.000000 128.000000) (-192.000000 -544.000000 0.000000) (-64.000000 -544.000000 0.000000) 
4 86 104 (-224.000000 -544.000000 128.000000) (-256.000000 -544.000000 128.000000) (-256.000000 -544.000000 0.000000) (-224.000000 -544.000000 0.000000) 
4 87 88 (-268.000000 -32.000000 0.000000) (-260.000000 -32.000000 0.000000) (-260.000000 -32.000000 96.000000) (-268.000000 -32.000000 96.000000) 
4 88 92 (-272.000000 -32.000000 0.000000) (-272.000000 -160.000000 0.000000) (-272.000000 -160.000000 96.000000) (-272.000000 -32.000000 96.000000) 
4 88 89 (-268.000000 -160.000000 0.000000) (-260.000000 -160.000000 0.000000) (-260.000000 -160.000000 96.000000) (-268.000000 -160.000000 96.000000) 
4 90 105 (244.000000 -544.000000 -512.000000) (244.000000 -544.000000 -32.000000) (-272.000000 -544.000000 -32.000000) (-272.000000 -544.000000 -512.000000) 
4 90 93 (-272.000000 32.000000 -32.000000) (-272.000000 32.000000 -512.000000) (-272.000000 -544.000000 -512.000000) (-272.000000 -544.000000 -32.000000) 
4 91 106 (244.000000 -544.000000 -640.000000) (244.000000 -544.000000 -512.000000) (-272.000000 -544.000000 -512.000000) (-272.000000 -544.000000 -640.000000) 
4 91 96 (-272.000000 32.000000 -512.000000) (-272.000000 32.000000 -640.000000) (-272.000000 -544.000000 -640.000000) (-272.000000 -544.000000 -512.000000) 
4 92 110 (-288.000000 -544.000000 160.000000) (-768.000000 -544.000000 160.000000) (-768.000000 -544.000000 -0.000000) (-288.000000 -544.000000 0.000000) 
4 92 104 (-272.000000 -544.000000 -0.000000) (-272.000000 -544.000000 160.000000) (-288.000000 -544.000000 160.000000) (-288.000000 -544.000000 0.000000) 
4 92 94 (-768.000000 32.000000 160.000000) (-768.000000 32.000000 -0.000000) (-768.000000 -544.000000 -0.000000) (-768.000000 -544.000000 160.000000) 
4 93 110 (-288.000000 -544.000000 -32.000000) (-768.000000 -544.000000 -32.000000) (-768.000000 -544.000000 -512.000000) (-288.000000 -544.000000 -512.000000) 
4 93 105 (-272.000000 -544.000000 -512.000000) (-272.000000 -544.000000 -32.000000) (-288.000000 -544.000000 -32.000000) (-288.000000 -544.000000 -512.000000) 
4 93 94 (-768.000000 32.000000 -32.000000) (-768.000000 32.000000 -512.000000) (-768.000000 -544.000000 -512.000000) (-768.000000 -544.000000 -32.000000) 
4 94 110 (-768.000000 -544.000000 160.000000) (-1920.000000 -544.000000 160.000000) (-1920.000000 -544.000000 -512.000000) (-768.000000 -544.000000 -512.000000) 
4 95 112 (-1920.000000 -544.000000 160.000000) (-2048.000000 -544.000000 160.000000) (-2048.000000 -544.000000 -512.000000) (-1920.000000 -544.000000 -512.000000) 
4 95 96 (-2048.000000 -544.000000 -512.000000) (-2048.000000 32.000000 -512.000000) (-1920.000000 32.000000 -512.000000) (-1920.000000 -544.000000 -512.000000) 
4 96 111 (-288.000000 -544.000000 -512.000000) (-1920.000000 -544.000000 -512.000000) (-1920.000000 -544.000000 -640.000000) (-288.000000 -544.000000 -640.000000) 
4 96 112 (-1920.000000 -544.000000 -512.000000) (-2048.000000 -544.000000 -512.000000) (-2048.000000 -544.000000 -640.000000) (-1920.000000 -544.000000 -640.000000) 
4 96 106 (-272.000000 -544.000000 -640.000000) (-272.000000 -544.000000 -512.000000) (-288.000000 -544.000000 -512.000000) (-288.000000 -544.000000 -640.000000) 
4 97 102 (1920.000000 -2048.000000 -512.000000) (1920.000000 -2048.000000 160.000000) (1920.000000 -1920.000000 160.000000) (1920.000000 -1920.000000 -512.000000) 
4 97 103 (1920.000000 -544.000000 -512.000000) (2048.000000 -544.000000 -512.000000) (2048.000000 -2048.000000 -512.000000) (1920.000000 -2048.000000 -512.000000) 
4 98 104 (1312.000000 -544.000000 160.000000) (1312.000000 -544.000000 -0.000000) (1312.000000 -704.000000 -0.000000) (1312.000000 -704.000000 160.000000) 
4 98 99 (1776.000000 -544.000000 0.000000) (1920.000000 -544.000000 0.000000) (1920.000000 -704.000000 0.000000) (1776.000000 -704.000000 0.000000) 
4 98 101 (1920.000000 -704.000000 -0.000000) (1920.000000 -704.000000 160.000000) (1312.000000 -704.000000 160.000000) (1312.000000 -704.000000 -0.000000) 
4 99 100 (1776.000000 -544.000000 -32.000000) (1776.000000 -544.000000 -512.000000) (1776.000000 -704.000000 -512.000000) (1776.000000 -704.000000 -32.000000) 
4 99 101 (1920.000000 -704.000000 -512.000000) (1920.000000 -704.000000 -0.000000) (1776.000000 -704.000000 0.000000) (1776.000000 -704.000000 -512.000000) 
4 100 105 (1312.000000 -544.000000 -32.000000) (1312.000000 -544.000000 -512.000000) (1312.000000 -704.000000 -512.000000) (1312.000000 -704.000000 -32.000000) 
4 100 101 (1312.000000 -704.000000 -32.000000) (1312.000000 -704.000000 -512.000000) (1776.000000 -704.000000 -512.000000) (1776.000000 -704.000000 -32.000000) 
4 101 107 (1312.000000 -1280.000000 -512.000000) (1312.000000 -1920.000000 -512.000000) (1312.000000 -1920.000000 160.000000) (1312.000000 -1280.000000 160.000000) 
4 101 105 (1312.000000 -704.000000 -512.000000) (1312.000000 -1280.000000 -512.000000) (1312.000000 -1280.000000 -32.000000) (1312.000000 -704.000000 -32.000000) 
4 101 104 (1312.000000 -1280.000000 -0.000000) (1312.000000 -1280.000000 160.000000) (1312.000000 -704.000000 160.000000) (1312.000000 -704.000000 -0.000000) 
4 102 109 (1312.000000 -1920.000000 -512.000000) (1312.000000 -2048.000000 -512.000000) (1312.000000 -2048.000000 160.000000) (1312.000000 -1920.000000 160.000000) 
4 102 103 (1312.000000 -2048.000000 -512.000000) (1312.000000 -1920.000000 -512.000000) (1920.000000 -1920.000000 -512.000000) (1920.000000 -2048.000000 -512.000000) 
4 103 109 (1312.000000 -1920.000000 -640.000000) (1312.000000 -2048.000000 -640.000000) (1312.000000 -2048.000000 -512.000000) (1312.000000 -1920.000000 -512.000000) 
4 103 108 (1312.000000 -1280.000000 -640.000000) (1312.000000 -1920.000000 -640.000000) (1312.000000 -1920.000000 -512.000000) (1312.000000 -1280.000000 -512.000000) 
4 103 106 (1312.000000 -544.000000 -512.000000) (1312.000000 -544.000000 -640.000000) (1312.000000 -1280.000000 -640.000000) (1312.000000 -1280.000000 -512.000000) 
4 104 110 (-288.000000 -1280.000000 -0.000000) (-288.000000 -1280.000000 160.000000) (-288.000000 -544.000000 160.000000) (-288.000000 -544.000000 -0.000000) 
4 104 107 (1312.000000 -1280.000000 -0.000000) (1312.000000 -1280.000000 160.000000) (-288.000000 -1280.000000 160.000000) (-288.000000 -1280.000000 -0.000000) 
4 105 110 (-288.000000 -1280.000000 -512.000000) (-288.000000 -1280.000000 -32.000000) (-288.000000 -544.000000 -32.000000) (-288.000000 -544.000000 -512.000000) 
4 105 107 (1312.000000 -1280.000000 -512.000000) (1312.000000 -1280.000000 -32.000000) (-288.000000 -1280.000000 -32.000000) (-288.000000 -1280.000000 -512.000000) 
4 106 111 (-288.000000 -1280.000000 -640.000000) (-288.000000 -1280.000000 -512.000000) (-288.000000 -544.000000 -512.000000) (-288.000000 -544.000000 -640.000000) 
4 106 108 (1312.000000 -1280.000000 -640.000000) (1312.000000 -1280.000000 -512.000000) (-288.000000 -1280.000000 -512.000000) (-288.000000 -1280.000000 -640.000000) 
4 107 110 (-288.000000 -1920.000000 160.000000) (-288.000000 -1280.000000 160.000000) (-288.000000 -1280.000000 -512.000000) (-288.000000 -1920.000000 -512.000000) 
4 108 111 (-288.000000 -1280.000000 -512.000000) (-288.000000 -1280.000000 -640.000000) (-288.000000 -1920.000000 -640.000000) (-288.000000 -1920.000000 -512.000000) 
4 108 109 (1312.000000 -1920.000000 -640.000000) (1312.000000 -1920.000000 -512.000000) (-288.000000 -1920.000000 -512.000000) (-288.000000 -1920.000000 -640.000000) 
4 109 113 (-288.000000 -2048.000000 160.000000) (-288.000000 -1920.000000 160.000000) (-288.000000 -1920.000000 -640.000000) (-288.000000 -2048.000000 -640.000000) 
4 111 113 (-1920.000000 -1920.000000 -640.000000) (-288.000000 -1920.000000 -640.000000) (-288.000000 -1920.000000 -512.000000) (-1920.000000 -1920.000000 -512.000000) 
4 111 112 (-1920.000000 -544.000000 -640.000000) (-1920.000000 -1920.000000 -640.000000) (-1920.000000 -1920.000000 -512.000000) (-1920.000000 -544.000000 -512.000000) 
4 112 113 (-2048.000000 -1920.000000 160.000000) (-2048.000000 -1920.000000 -640.000000) (-1920.000000 -1920.000000 -640.000000) (-1920.000000 -1920.000000 160.000000) 
