sdHLCSG v1.1.2 64-bit (Sep  9 2022)
seedee's Half-Life Compilation Tools
Based on code modifications by Sean 'Zoner' Cavanaugh and Vluzacn
Based on Valve's version, modified with permission.
Submit detailed bug reports to (github.com/seedee/SDHLT/issues)
-----  BEGIN  sdHLCSG -----
Command line: "C:/Users/Joe/Desktop/Modding and  Mapping/Seedees/tools/sdHLCSG_x64.exe" "C:\Program Files (x86)\Steam\steamapps\common\Half-Life\halogs\maps\fire_range" 
Arguments: "C:\Program Files (x86)\Steam\steamapps\common\Half-Life\halogs\maps\fire_range" -low 
Entering C:\Program Files (x86)\Steam\steamapps\common\Half-Life\halogs\maps\fire_range.map

Current sdHLCSG Settings
Name                 |  Setting  |  Default
---------------------|-----------|-------------------------
threads               [      12 ] [  Varies ]
verbose               [     off ] [     off ]
log                   [      on ] [      on ]
reset logfile         [      on ] [      on ]
developer             [       0 ] [       0 ]
chart                 [      on ] [      on ]
estimate              [     off ] [     off ]
max texture memory    [ 33554432 ] [ 33554432 ]
max lighting memory   [ 50331648 ] [ 50331648 ]
priority              [     Low ] [  Normal ]

noclip                [     off ] [     off ]
null texture stripping[      on ] [      on ]
clipnode economy mode [     off ] [     off ]
clip hull type        [  simple ] [  simple ]
onlyents              [     off ] [     off ]
wadtextures           [      on ] [      on ]
skyclip               [      on ] [      on ]
hullfile              [    None ] [    None ]
wad configuration file[    None ] [    None ]
wad.cfg group name    [    None ] [    None ]
nullfile              [    None ] [    None ]
nullify trigger       [      on ] [      on ]
min surface area      [   0.000 ] [   0.000 ]
brush union threshold [   0.000 ] [   0.000 ]
map scaling           [    None ] [    None ]
light name optimize   [      on ] [      on ]
convert game_text     [      on ] [      on ]
world extent          [   65536 ] [   65536 ]

Using mapfile wad configuration
Wadinclude list :
[sdhlt.wad]

CreateBrush:
 (0.01 seconds)
CSGBrush:
 (0.08 seconds)

added 2 additional animating textures.
Including Wadfile: \Users\Joe\Desktop\Modding and  Mapping\Seedees\tools\sdhlt.wad
 - Contains 1 used texture, 3.23 percent of map (27 textures in wad)
Using Wadfile: \Program Files (x86)\Steam\steamapps\common\Half-Life\halogs\fonts.wad
 - Contains 0 used textures, 0.00 percent of map (3 textures in wad)
Using Wadfile: \Program Files (x86)\Steam\steamapps\common\Half-Life\halogs\gfx.wad
 - Contains 0 used textures, 0.00 percent of map (7 textures in wad)
Using Wadfile: \Program Files (x86)\Steam\steamapps\common\Half-Life\halogs\halflife.wad
 - Contains 21 used textures, 67.74 percent of map (3116 textures in wad)
Using Wadfile: \Program Files (x86)\Steam\steamapps\common\Half-Life\halogs\liquids.wad
 - Contains 0 used textures, 0.00 percent of map (32 textures in wad)
Using Wadfile: \Program Files (x86)\Steam\steamapps\common\Half-Life\halogs\tempdecal.wad
 - Contains 0 used textures, 0.00 percent of map (1 textures in wad)
Using Wadfile: \Program Files (x86)\Steam\steamapps\common\Half-Life\halogs\xeno.wad
 - Contains 0 used textures, 0.00 percent of map (264 textures in wad)
Using Wadfile: \Users\Joe\Desktop\Modding and  Mapping\Seedees\tools\hlof.wad
 - Contains 9 used textures, 29.03 percent of map (628 textures in wad)

Wad files required to run the map: "fonts.wad;gfx.wad;halflife.wad;liquids.wad;tempdecal.wad;xeno.wad;hlof.wad;"
Texture usage is at 0.48 mb (of 32.00 mb MAX)

Object names  Objects/Maxobjs  Memory / Maxmem  Fullness
------------  ---------------  ---------------  --------
models              0/512            0/32768    ( 0.0%)
planes           4576/32768      91520/655360   (14.0%)
vertexes            0/65535          0/786420   ( 0.0%)
nodes               0/32767          0/786408   ( 0.0%)
texinfos          396/32767      15840/1310680  ( 1.2%)
faces               0/65535          0/1310700  ( 0.0%)
* worldfaces        0/32768          0/0        ( 0.0%)
clipnodes           0/32767          0/262136   ( 0.0%)
leaves              0/32760          0/917280   ( 0.0%)
* worldleaves       0/8192           0/0        ( 0.0%)
marksurfaces        0/65535          0/131070   ( 0.0%)
surfedges           0/512000         0/2048000  ( 0.0%)
edges               0/256000         0/1024000  ( 0.0%)
texdata          [variable]       3500/33554432 ( 0.0%)
lightdata        [variable]          0/50331648 ( 0.0%)
visdata          [variable]          0/8388608  ( 0.0%)
entdata          [variable]      13513/2097152  ( 0.6%)
* AllocBlock        0/64             0/0        ( 0.0%)
31 textures referenced
=== Total BSP file data space used: 124373 bytes ===
Wad files required to run the map: "fonts.wad;gfx.wad;halflife.wad;liquids.wad;tempdecal.wad;xeno.wad;hlof.wad;"
0.14 seconds elapsed

-----   END   sdHLCSG -----



sdHLBSP v1.1.2 64-bit (Sep  9 2022)
seedee's Half-Life Compilation Tools
Based on code modifications by Sean 'Zoner' Cavanaugh and Vluzacn
Based on Valve's version, modified with permission.
Submit detailed bug reports to (github.com/seedee/SDHLT/issues)
-----  BEGIN  sdHLBSP -----
Command line: "C:/Users/Joe/Desktop/Modding and  Mapping/Seedees/tools/sdHLBSP_x64.exe" "C:\Program Files (x86)\Steam\steamapps\common\Half-Life\halogs\maps\fire_range" 
Arguments: "C:\Program Files (x86)\Steam\steamapps\common\Half-Life\halogs\maps\fire_range" -low 

Current sdHLBSP Settings
Name               |  Setting  |  Default
-------------------|-----------|-------------------------
threads             [      12 ] [  Varies ]
verbose             [     off ] [     off ]
log                 [      on ] [      on ]
developer           [       0 ] [       0 ]
chart               [      on ] [      on ]
estimate            [     off ] [     off ]
max texture memory  [ 33554432 ] [ 33554432 ]
priority            [     Low ] [  Normal ]

noclip              [     off ] [     off ]
nofill              [     off ] [     off ]
noinsidefill        [     off ] [     off ]
noopt               [     off ] [     off ]
no clipnode merging [     off ] [     off ]
null tex. stripping [      on ] [      on ]
notjunc             [     off ] [     off ]
nobrink             [     off ] [     off ]
subdivide size      [     240 ] [     240 ] (Min 64) (Max 512)
max node size       [    1024 ] [    1024 ] (Min 64) (Max 65536)
remove hull 2       [     off ] [     off ]


SolidBSP [hull 0] 500...927 (0.04 seconds)
BSP generation successful, writing portal file 'C:\Program Files (x86)\Steam\steamapps\common\Half-Life\halogs\maps\fire_range.prt'
SolidBSP [hull 1] 500...1000...1049 (0.05 seconds)
SolidBSP [hull 2] 500...997 (0.04 seconds)
SolidBSP [hull 3] 500...1000...1072 (0.05 seconds)
Reduced 3007 clipnodes to 2694
Reduced 396 texinfos to 322
Reduced 31 texdatas to 31 (3500 bytes to 3500)
Reduced 4576 planes to 1583
FixBrinks:
Increased 2694 clipnodes to 2731.

Object names  Objects/Maxobjs  Memory / Maxmem  Fullness
------------  ---------------  ---------------  --------
models             12/512          768/32768    ( 2.3%)
planes           1583/32768      31660/655360   ( 4.8%)
vertexes         2458/65535      29496/786420   ( 3.8%)
nodes             968/32767      23232/786408   ( 3.0%)
texinfos          322/32767      12880/1310680  ( 1.0%)
faces            1712/65535      34240/1310700  ( 2.6%)
* worldfaces     1534/32768          0/0        ( 4.7%)
clipnodes        2731/32767      21848/262136   ( 8.3%)
leaves            663/32760      18564/917280   ( 2.0%)
* worldleaves     588/8192           0/0        ( 7.2%)
marksurfaces     2353/65535       4706/131070   ( 3.6%)
surfedges        8210/512000     32840/2048000  ( 1.6%)
edges            4308/256000     17232/1024000  ( 1.7%)
texdata          [variable]       3500/33554432 ( 0.0%)
lightdata        [variable]          0/50331648 ( 0.0%)
visdata          [variable]          0/8388608  ( 0.0%)
entdata          [variable]      13513/2097152  ( 0.6%)
* AllocBlock        5/64             0/0        ( 7.8%)
31 textures referenced
=== Total BSP file data space used: 244479 bytes ===
Wad files required to run the map: "fonts.wad;gfx.wad;halflife.wad;liquids.wad;tempdecal.wad;xeno.wad;hlof.wad;"
0.45 seconds elapsed

-----   END   sdHLBSP -----



sdHLVIS v1.1.2 64-bit (Sep  9 2022)
seedee's Half-Life Compilation Tools
Based on code modifications by Sean 'Zoner' Cavanaugh and Vluzacn
Based on Valve's version, modified with permission.
Submit detailed bug reports to (github.com/seedee/SDHLT/issues)
-----  BEGIN  sdHLVIS -----
Command line: "C:/Users/Joe/Desktop/Modding and  Mapping/Seedees/tools/sdHLVIS_x64.exe" "C:\Program Files (x86)\Steam\steamapps\common\Half-Life\halogs\maps\fire_range" 
Arguments: "C:\Program Files (x86)\Steam\steamapps\common\Half-Life\halogs\maps\fire_range" -low 
 266 portalleafs
 882 numportals

-= Current sdHLVIS Settings =-
Name               |  Setting  |  Default
-------------------|-----------|-------------------------
threads             [      12 ] [  Varies ]
verbose             [     off ] [     off ]
log                 [      on ] [      on ]
developer           [       0 ] [       0 ]
chart               [      on ] [      on ]
estimate            [     off ] [     off ]
max texture memory  [ 33554432 ] [ 33554432 ]
max vis distance    [       0 ] [       0 ]
priority            [     Low ] [  Normal ]

fast vis            [     off ] [     off ]
full vis            [     off ] [     off ]
nofixprt            [     off ] [     off ]


BasePortalVis:
 (0.01 seconds)
LeafThread:
 (0.48 seconds)
average leafs visible: 165
g_visdatasize:17497  compressed from 9044

Reading portal file 'C:\Program Files (x86)\Steam\steamapps\common\Half-Life\halogs\maps\fire_range.prt'
Reduced 1150 lines to 884
Optimization for J.A.C.K. map editor successful, writing portal file 'C:\Program Files (x86)\Steam\steamapps\common\Half-Life\halogs\maps\fire_range.prt'

Object names  Objects/Maxobjs  Memory / Maxmem  Fullness
------------  ---------------  ---------------  --------
models             12/512          768/32768    ( 2.3%)
planes           1583/32768      31660/655360   ( 4.8%)
vertexes         2458/65535      29496/786420   ( 3.8%)
nodes             968/32767      23232/786408   ( 3.0%)
texinfos          322/32767      12880/1310680  ( 1.0%)
faces            1712/65535      34240/1310700  ( 2.6%)
* worldfaces     1534/32768          0/0        ( 4.7%)
clipnodes        2731/32767      21848/262136   ( 8.3%)
leaves            663/32760      18564/917280   ( 2.0%)
* worldleaves     588/8192           0/0        ( 7.2%)
marksurfaces     2353/65535       4706/131070   ( 3.6%)
surfedges        8210/512000     32840/2048000  ( 1.6%)
edges            4308/256000     17232/1024000  ( 1.7%)
texdata          [variable]       3500/33554432 ( 0.0%)
lightdata        [variable]          0/50331648 ( 0.0%)
visdata          [variable]      17497/8388608  ( 0.2%)
entdata          [variable]      13513/2097152  ( 0.6%)
* AllocBlock        5/64             0/0        ( 7.8%)
31 textures referenced
=== Total BSP file data space used: 261976 bytes ===
Wad files required to run the map: "fonts.wad;gfx.wad;halflife.wad;liquids.wad;tempdecal.wad;xeno.wad;hlof.wad;"
0.51 seconds elapsed

-----   END   sdHLVIS -----



sdHLRAD v1.1.2 64-bit (Sep  9 2022)
seedee's Half-Life Compilation Tools
Based on code modifications by Sean 'Zoner' Cavanaugh and Vluzacn
Based on Valve's version, modified with permission.
Submit detailed bug reports to (github.com/seedee/SDHLT/issues)
-----  BEGIN  sdHLRAD -----
Command line: "C:/Users/Joe/Desktop/Modding and  Mapping/Seedees/tools/sdHLRAD_x64.exe" "C:\Program Files (x86)\Steam\steamapps\common\Half-Life\halogs\maps\fire_range" 
Arguments: "C:\Program Files (x86)\Steam\steamapps\common\Half-Life\halogs\maps\fire_range" -low 

-= Current sdHLRAD Settings =-
Name                | Setting             | Default
--------------------|---------------------|-------------------------
threads              [                12 ] [            Varies ]
verbose              [               off ] [               off ]
log                  [                on ] [                on ]
developer            [                 0 ] [                 0 ]
chart                [                on ] [                on ]
estimate             [               off ] [               off ]
max texture memory   [          33554432 ] [          33554432 ]
max lighting memory  [          50331648 ] [          50331648 ]
priority             [               Low ] [            Normal ]

fast rad             [               off ] [               off ]
vismatrix algorithm  [            Sparse ] [            Sparse ]
oversampling (-extra)[               off ] [               off ]
bounces              [                 8 ] [                 8 ]
ambient light        [ 0.000 0.000 0.000 ] [ 0.000 0.000 0.000 ]
light limit threshold[           188.000 ] [           188.000 ]
circus mode          [               off ] [               off ]

smoothing threshold  [            50.000 ] [            50.000 ]
smoothing threshold 2[         no change ] [         no change ]
direct threshold     [            10.000 ] [            10.000 ]
direct light scale   [             1.000 ] [             1.000 ]
coring threshold     [             0.010 ] [             0.010 ]
patch interpolation  [                on ] [                on ]

texscale             [                on ] [                on ]
patch subdividing    [                on ] [                on ]
chop value           [            64.000 ] [            64.000 ]
texchop value        [            32.000 ] [            32.000 ]

global fade          [             1.000 ] [             1.000 ]
global texlight gap  [             0.000 ] [             0.000 ]
global light scale   [ 2.000 2.000 2.000 ] [ 2.000 2.000 2.000 ]
global gamma         [ 0.550 0.550 0.550 ] [ 0.550 0.550 0.550 ]
global light scale   [             2.000 ] [             2.000 ]
global sky diffusion [             1.000 ] [             1.000 ]

spread angles        [                on ] [                on ]
opaque entities      [                on ] [                on ]
sky lighting fix     [                on ] [                on ]
incremental          [               off ] [               off ]
dump                 [               off ] [               off ]

colour jitter        [       0.0 0.0 0.0 ] [       0.0 0.0 0.0 ]
monochromatic jitter [       0.0 0.0 0.0 ] [       0.0 0.0 0.0 ]

custom shadows with bounce light
                     [               off ] [               off ]
rgb transfers        [               off ] [               off ]
minimum final light  [                 0 ] [                 0 ]
size of transfer     [         1 (16bit) ] [         1 (16bit) ]
size of rgbtransfer  [         2 (32bit) ] [         2 (32bit) ]
soft sky             [                on ] [                on ]
translucent depth    [             2.000 ] [             2.000 ]
block opaque         [                on ] [                on ]
ignore textures      [               off ] [               off ]
reflectivity gamma   [             1.760 ] [             1.760 ]
reflectivity scale   [             0.700 ] [             0.700 ]
blur size            [             1.500 ] [             1.500 ]
no emitter range     [               off ] [               off ]
wall bleeding fix    [                on ] [                on ]


Load Textures:
Using Wadfile: C:\Program Files (x86)\Steam\steamapps\common\Half-Life\halogs\maps\fire_range.wa_
31 textures referenced
Reading texlights from 'C:\Users\Joe\Desktop\Modding and  Mapping\Seedees\tools\lights.rad'
2 opaque models
12 opaque faces
1712 faces
Create Patches : 5114 base patches
50248 square feet [7235777.50 square inches]
27 direct lights and 16386 fast direct lights
1 light styles

FindFacePositions:
 (0.10 seconds)
BuildFacelights:
 (1.48 seconds)
BuildVisLeafs:
 (0.22 seconds)
visibility matrix   :   1.8 megs
MakeScales:
 (0.17 seconds)
Transfer Lists :     3928940 :     3.93M transfers
       Indices :     3347636 :     3.19M bytes
          Data :     7872763 :     7.51M bytes
Bounce 1 GatherLight:
 (0.01 seconds)
Bounce 2 GatherLight:
 (0.01 seconds)
Bounce 3 GatherLight:
 (0.01 seconds)
Bounce 4 GatherLight:
 (0.01 seconds)
Bounce 5 GatherLight:
 (0.01 seconds)
Bounce 6 GatherLight:
 (0.01 seconds)
Bounce 7 GatherLight:
 (0.01 seconds)
Bounce 8 GatherLight:
 (0.01 seconds)
CreateTriangulations:
 (0.01 seconds)
AddPatchLights:
 (0.16 seconds)
FinalLightFace:
 (0.00 seconds)

Object names  Objects/Maxobjs  Memory / Maxmem  Fullness
------------  ---------------  ---------------  --------
models             12/512          768/32768    ( 2.3%)
planes           1583/32768      31660/655360   ( 4.8%)
vertexes         2458/65535      29496/786420   ( 3.8%)
nodes             968/32767      23232/786408   ( 3.0%)
texinfos          322/32767      12880/1310680  ( 1.0%)
faces            1712/65535      34240/1310700  ( 2.6%)
* worldfaces     1534/32768          0/0        ( 4.7%)
clipnodes        2731/32767      21848/262136   ( 8.3%)
leaves            663/32760      18564/917280   ( 2.0%)
* worldleaves     588/8192           0/0        ( 7.2%)
marksurfaces     2353/65535       4706/131070   ( 3.6%)
surfedges        8210/512000     32840/2048000  ( 1.6%)
edges            4308/256000     17232/1024000  ( 1.7%)
texdata          [variable]       3500/33554432 ( 0.0%)
lightdata        [variable]     209277/50331648 ( 0.4%)
visdata          [variable]      17497/8388608  ( 0.2%)
entdata          [variable]      13513/2097152  ( 0.6%)
* AllocBlock        5/64             0/0        ( 7.8%)
31 textures referenced
=== Total BSP file data space used: 471253 bytes ===
Wad files required to run the map: "fonts.wad;gfx.wad;halflife.wad;liquids.wad;tempdecal.wad;xeno.wad;hlof.wad;"
2.41 seconds elapsed

-----   END   sdHLRAD -----



