sdHLCSG v1.1.2 64-bit (Sep  9 2022)
seedee's Half-Life Compilation Tools
Based on code modifications by Sean 'Zoner' Cavanaugh and Vluzacn
Based on Valve's version, modified with permission.
Submit detailed bug reports to (github.com/seedee/SDHLT/issues)
-----  BEGIN  sdHLCSG -----
Command line: "C:/Users/Joe/Desktop/Modding and  Mapping/Seedees/tools/sdHLCSG_x64.exe" "C:\Program Files (x86)\Steam\steamapps\common\Half-Life\halogs\maps\sl_bootcamp_b1" 
Arguments: "C:\Program Files (x86)\Steam\steamapps\common\Half-Life\halogs\maps\sl_bootcamp_b1" -low 
Entering C:\Program Files (x86)\Steam\steamapps\common\Half-Life\halogs\maps\sl_bootcamp_b1.map

Current sdHLCSG Settings
Name                 |  Setting  |  Default
---------------------|-----------|-------------------------
threads               [      12 ] [  Varies ]
verbose               [     off ] [     off ]
log                   [      on ] [      on ]
reset logfile         [      on ] [      on ]
developer             [       0 ] [       0 ]
chart                 [      on ] [      on ]
estimate              [     off ] [     off ]
max texture memory    [ 33554432 ] [ 33554432 ]
max lighting memory   [ 50331648 ] [ 50331648 ]
priority              [     Low ] [  Normal ]

noclip                [     off ] [     off ]
null texture stripping[      on ] [      on ]
clipnode economy mode [     off ] [     off ]
clip hull type        [  simple ] [  simple ]
onlyents              [     off ] [     off ]
wadtextures           [      on ] [      on ]
skyclip               [      on ] [      on ]
hullfile              [    None ] [    None ]
wad configuration file[    None ] [    None ]
wad.cfg group name    [    None ] [    None ]
nullfile              [    None ] [    None ]
nullify trigger       [      on ] [      on ]
min surface area      [   0.000 ] [   0.000 ]
brush union threshold [   0.000 ] [   0.000 ]
map scaling           [    None ] [    None ]
light name optimize   [      on ] [      on ]
convert game_text     [      on ] [      on ]
world extent          [   65536 ] [   65536 ]

Using mapfile wad configuration
Wadinclude list :
[sdhlt.wad]

CreateBrush:
 (0.07 seconds)
CSGBrush:
 (0.30 seconds)

added 5 additional animating textures.
Including Wadfile: \Users\Joe\Desktop\Modding and  Mapping\Seedees\tools\sdhlt.wad
 - Contains 1 used texture, 1.05 percent of map (27 textures in wad)
Using Wadfile: \Program Files (x86)\Steam\steamapps\common\Half-Life\halogs\fonts.wad
 - Contains 0 used textures, 0.00 percent of map (3 textures in wad)
Using Wadfile: \Program Files (x86)\Steam\steamapps\common\Half-Life\halogs\gfx.wad
 - Contains 0 used textures, 0.00 percent of map (7 textures in wad)
Using Wadfile: \Program Files (x86)\Steam\steamapps\common\Half-Life\halogs\halflife.wad
 - Contains 72 used textures, 75.79 percent of map (3116 textures in wad)
Using Wadfile: \Program Files (x86)\Steam\steamapps\common\Half-Life\halogs\liquids.wad
 - Contains 1 used texture, 1.05 percent of map (32 textures in wad)
Using Wadfile: \Program Files (x86)\Steam\steamapps\common\Half-Life\halogs\tempdecal.wad
 - Contains 0 used textures, 0.00 percent of map (1 textures in wad)
Using Wadfile: \Program Files (x86)\Steam\steamapps\common\Half-Life\halogs\xeno.wad
 - Contains 0 used textures, 0.00 percent of map (264 textures in wad)
Using Wadfile: \Users\Joe\Desktop\Modding and  Mapping\Seedees\tools\hlof.wad
 - Contains 17 used textures, 17.89 percent of map (628 textures in wad)
Using Wadfile: \Program Files (x86)\Steam\steamapps\common\Half-Life\halogs\343_guilty_spark.wad
 - Contains 1 used texture, 1.05 percent of map (5 textures in wad)
Using Wadfile: \Program Files (x86)\Steam\steamapps\common\Half-Life\halogs\bloodgulch.wad
 - Contains 2 used textures, 2.11 percent of map (31 textures in wad)
Using Wadfile: \Program Files (x86)\Steam\steamapps\common\Half-Life\halogs\covie_stuff.wad
 - Contains 0 used textures, 0.00 percent of map (8 textures in wad)
Using Wadfile: \Program Files (x86)\Steam\steamapps\common\Half-Life\halogs\hgs.wad
 - Contains 1 used texture, 1.05 percent of map (1 textures in wad)

Wad files required to run the map: "fonts.wad;gfx.wad;halflife.wad;liquids.wad;tempdecal.wad;xeno.wad;hlof.wad;343_guilty_spark.wad;bloodgulch.wad;covie_stuff.wad;hgs.wad;"
Texture usage is at 1.71 mb (of 32.00 mb MAX)

Object names  Objects/Maxobjs  Memory / Maxmem  Fullness
------------  ---------------  ---------------  --------
models              0/512            0/32768    ( 0.0%)
planes          15094/32768     301880/655360   (46.1%)
vertexes            0/65535          0/786420   ( 0.0%)
nodes               0/32767          0/786408   ( 0.0%)
texinfos         1629/32767      65160/1310680  ( 5.0%)
faces               0/65535          0/1310700  ( 0.0%)
* worldfaces        0/32768          0/0        ( 0.0%)
clipnodes           0/32767          0/262136   ( 0.0%)
leaves              0/32760          0/917280   ( 0.0%)
* worldleaves       0/8192           0/0        ( 0.0%)
marksurfaces        0/65535          0/131070   ( 0.0%)
surfedges           0/512000         0/2048000  ( 0.0%)
edges               0/256000         0/1024000  ( 0.0%)
texdata          [variable]       6316/33554432 ( 0.0%)
lightdata        [variable]          0/50331648 ( 0.0%)
visdata          [variable]          0/8388608  ( 0.0%)
entdata          [variable]      66951/2097152  ( 3.2%)
* AllocBlock        0/64             0/0        ( 0.0%)
95 textures referenced
=== Total BSP file data space used: 440307 bytes ===
Wad files required to run the map: "fonts.wad;gfx.wad;halflife.wad;liquids.wad;tempdecal.wad;xeno.wad;hlof.wad;343_guilty_spark.wad;bloodgulch.wad;covie_stuff.wad;hgs.wad;"
0.49 seconds elapsed

-----   END   sdHLCSG -----



sdHLBSP v1.1.2 64-bit (Sep  9 2022)
seedee's Half-Life Compilation Tools
Based on code modifications by Sean 'Zoner' Cavanaugh and Vluzacn
Based on Valve's version, modified with permission.
Submit detailed bug reports to (github.com/seedee/SDHLT/issues)
-----  BEGIN  sdHLBSP -----
Command line: "C:/Users/Joe/Desktop/Modding and  Mapping/Seedees/tools/sdHLBSP_x64.exe" "C:\Program Files (x86)\Steam\steamapps\common\Half-Life\halogs\maps\sl_bootcamp_b1" 
Arguments: "C:\Program Files (x86)\Steam\steamapps\common\Half-Life\halogs\maps\sl_bootcamp_b1" -low 

Current sdHLBSP Settings
Name               |  Setting  |  Default
-------------------|-----------|-------------------------
threads             [      12 ] [  Varies ]
verbose             [     off ] [     off ]
log                 [      on ] [      on ]
developer           [       0 ] [       0 ]
chart               [      on ] [      on ]
estimate            [     off ] [     off ]
max texture memory  [ 33554432 ] [ 33554432 ]
priority            [     Low ] [  Normal ]

noclip              [     off ] [     off ]
nofill              [     off ] [     off ]
noinsidefill        [     off ] [     off ]
noopt               [     off ] [     off ]
no clipnode merging [     off ] [     off ]
null tex. stripping [      on ] [      on ]
notjunc             [     off ] [     off ]
nobrink             [     off ] [     off ]
subdivide size      [     240 ] [     240 ] (Min 64) (Max 512)
max node size       [    1024 ] [    1024 ] (Min 64) (Max 65536)
remove hull 2       [     off ] [     off ]


SolidBSP [hull 0] 500...1000...1500...2000...2500...3000...3500...3778 (0.16 seconds)
BSP generation successful, writing portal file 'C:\Program Files (x86)\Steam\steamapps\common\Half-Life\halogs\maps\sl_bootcamp_b1.prt'
SolidBSP [hull 1] 500...1000...1500...2000...2500...2875 (0.12 seconds)
SolidBSP [hull 2] 500...1000...1500...2000...2500...2766 (0.11 seconds)
SolidBSP [hull 3] 500...1000...1500...2000...2500...3000...3498 (0.15 seconds)
Reduced 11164 clipnodes to 10548
Reduced 1629 texinfos to 1379
Reduced 95 texdatas to 95 (6316 bytes to 6316)
Reduced 15094 planes to 5284
FixBrinks:
Increased 10548 clipnodes to 10741.

Object names  Objects/Maxobjs  Memory / Maxmem  Fullness
------------  ---------------  ---------------  --------
models             72/512         4608/32768    (14.1%)
planes           5284/32768     105680/655360   (16.1%)
vertexes        10140/65535     121680/786420   (15.5%)
nodes            4442/32767     106608/786408   (13.6%)
texinfos         1379/32767      55160/1310680  ( 4.2%)
faces            6669/65535     133380/1310700  (10.2%)
* worldfaces     6293/32768          0/0        (19.2%)
clipnodes       10741/32767      85928/262136   (32.8%)
leaves           3293/32760      92204/917280   (10.1%)
* worldleaves    2531/8192           0/0        (30.9%)
marksurfaces    10458/65535      20916/131070   (16.0%)
surfedges       32280/512000    129120/2048000  ( 6.3%)
edges           17168/256000     68672/1024000  ( 6.7%)
texdata          [variable]       6316/33554432 ( 0.0%)
lightdata        [variable]          0/50331648 ( 0.0%)
visdata          [variable]          0/8388608  ( 0.0%)
entdata          [variable]      66951/2097152  ( 3.2%)
* AllocBlock       14/64             0/0        (21.9%)
95 textures referenced
=== Total BSP file data space used: 997223 bytes ===
Wad files required to run the map: "fonts.wad;gfx.wad;halflife.wad;liquids.wad;tempdecal.wad;xeno.wad;hlof.wad;343_guilty_spark.wad;bloodgulch.wad;covie_stuff.wad;hgs.wad;"
1.52 seconds elapsed

-----   END   sdHLBSP -----



sdHLVIS v1.1.2 64-bit (Sep  9 2022)
seedee's Half-Life Compilation Tools
Based on code modifications by Sean 'Zoner' Cavanaugh and Vluzacn
Based on Valve's version, modified with permission.
Submit detailed bug reports to (github.com/seedee/SDHLT/issues)
-----  BEGIN  sdHLVIS -----
Command line: "C:/Users/Joe/Desktop/Modding and  Mapping/Seedees/tools/sdHLVIS_x64.exe" "C:\Program Files (x86)\Steam\steamapps\common\Half-Life\halogs\maps\sl_bootcamp_b1" 
Arguments: "C:\Program Files (x86)\Steam\steamapps\common\Half-Life\halogs\maps\sl_bootcamp_b1" -low 
 554 portalleafs
1695 numportals

-= Current sdHLVIS Settings =-
Name               |  Setting  |  Default
-------------------|-----------|-------------------------
threads             [      12 ] [  Varies ]
verbose             [     off ] [     off ]
log                 [      on ] [      on ]
developer           [       0 ] [       0 ]
chart               [      on ] [      on ]
estimate            [     off ] [     off ]
max texture memory  [ 33554432 ] [ 33554432 ]
max vis distance    [       0 ] [       0 ]
priority            [     Low ] [  Normal ]

fast vis            [     off ] [     off ]
full vis            [     off ] [     off ]
nofixprt            [     off ] [     off ]


BasePortalVis:
 (0.02 seconds)
LeafThread:
 (0.53 seconds)
average leafs visible: 131
g_visdatasize:62679  compressed from 38780

Reading portal file 'C:\Program Files (x86)\Steam\steamapps\common\Half-Life\halogs\maps\sl_bootcamp_b1.prt'
Reduced 2251 lines to 1697
Optimization for J.A.C.K. map editor successful, writing portal file 'C:\Program Files (x86)\Steam\steamapps\common\Half-Life\halogs\maps\sl_bootcamp_b1.prt'

Object names  Objects/Maxobjs  Memory / Maxmem  Fullness
------------  ---------------  ---------------  --------
models             72/512         4608/32768    (14.1%)
planes           5284/32768     105680/655360   (16.1%)
vertexes        10140/65535     121680/786420   (15.5%)
nodes            4442/32767     106608/786408   (13.6%)
texinfos         1379/32767      55160/1310680  ( 4.2%)
faces            6669/65535     133380/1310700  (10.2%)
* worldfaces     6293/32768          0/0        (19.2%)
clipnodes       10741/32767      85928/262136   (32.8%)
leaves           3293/32760      92204/917280   (10.1%)
* worldleaves    2531/8192           0/0        (30.9%)
marksurfaces    10458/65535      20916/131070   (16.0%)
surfedges       32280/512000    129120/2048000  ( 6.3%)
edges           17168/256000     68672/1024000  ( 6.7%)
texdata          [variable]       6316/33554432 ( 0.0%)
lightdata        [variable]          0/50331648 ( 0.0%)
visdata          [variable]      62679/8388608  ( 0.7%)
entdata          [variable]      66951/2097152  ( 3.2%)
* AllocBlock       14/64             0/0        (21.9%)
95 textures referenced
=== Total BSP file data space used: 1059902 bytes ===
Wad files required to run the map: "fonts.wad;gfx.wad;halflife.wad;liquids.wad;tempdecal.wad;xeno.wad;hlof.wad;343_guilty_spark.wad;bloodgulch.wad;covie_stuff.wad;hgs.wad;"
0.59 seconds elapsed

-----   END   sdHLVIS -----



sdHLRAD v1.1.2 64-bit (Sep  9 2022)
seedee's Half-Life Compilation Tools
Based on code modifications by Sean 'Zoner' Cavanaugh and Vluzacn
Based on Valve's version, modified with permission.
Submit detailed bug reports to (github.com/seedee/SDHLT/issues)
-----  BEGIN  sdHLRAD -----
Command line: "C:/Users/Joe/Desktop/Modding and  Mapping/Seedees/tools/sdHLRAD_x64.exe" "C:\Program Files (x86)\Steam\steamapps\common\Half-Life\halogs\maps\sl_bootcamp_b1" 
Arguments: "C:\Program Files (x86)\Steam\steamapps\common\Half-Life\halogs\maps\sl_bootcamp_b1" -low 

-= Current sdHLRAD Settings =-
Name                | Setting             | Default
--------------------|---------------------|-------------------------
threads              [                12 ] [            Varies ]
verbose              [               off ] [               off ]
log                  [                on ] [                on ]
developer            [                 0 ] [                 0 ]
chart                [                on ] [                on ]
estimate             [               off ] [               off ]
max texture memory   [          33554432 ] [          33554432 ]
max lighting memory  [          50331648 ] [          50331648 ]
priority             [               Low ] [            Normal ]

fast rad             [               off ] [               off ]
vismatrix algorithm  [            Sparse ] [            Sparse ]
oversampling (-extra)[               off ] [               off ]
bounces              [                 8 ] [                 8 ]
ambient light        [ 0.000 0.000 0.000 ] [ 0.000 0.000 0.000 ]
light limit threshold[           188.000 ] [           188.000 ]
circus mode          [               off ] [               off ]

smoothing threshold  [            50.000 ] [            50.000 ]
smoothing threshold 2[         no change ] [         no change ]
direct threshold     [            10.000 ] [            10.000 ]
direct light scale   [             1.000 ] [             1.000 ]
coring threshold     [             0.010 ] [             0.010 ]
patch interpolation  [                on ] [                on ]

texscale             [                on ] [                on ]
patch subdividing    [                on ] [                on ]
chop value           [            64.000 ] [            64.000 ]
texchop value        [            32.000 ] [            32.000 ]

global fade          [             1.000 ] [             1.000 ]
global texlight gap  [             0.000 ] [             0.000 ]
global light scale   [ 2.000 2.000 2.000 ] [ 2.000 2.000 2.000 ]
global gamma         [ 0.550 0.550 0.550 ] [ 0.550 0.550 0.550 ]
global light scale   [             2.000 ] [             2.000 ]
global sky diffusion [             1.000 ] [             1.000 ]

spread angles        [                on ] [                on ]
opaque entities      [                on ] [                on ]
sky lighting fix     [                on ] [                on ]
incremental          [               off ] [               off ]
dump                 [               off ] [               off ]

colour jitter        [       0.0 0.0 0.0 ] [       0.0 0.0 0.0 ]
monochromatic jitter [       0.0 0.0 0.0 ] [       0.0 0.0 0.0 ]

custom shadows with bounce light
                     [               off ] [               off ]
rgb transfers        [               off ] [               off ]
minimum final light  [                 0 ] [                 0 ]
size of transfer     [         1 (16bit) ] [         1 (16bit) ]
size of rgbtransfer  [         2 (32bit) ] [         2 (32bit) ]
soft sky             [                on ] [                on ]
translucent depth    [             2.000 ] [             2.000 ]
block opaque         [                on ] [                on ]
ignore textures      [               off ] [               off ]
reflectivity gamma   [             1.760 ] [             1.760 ]
reflectivity scale   [             0.700 ] [             0.700 ]
blur size            [             1.500 ] [             1.500 ]
no emitter range     [               off ] [               off ]
wall bleeding fix    [                on ] [                on ]


Load Textures:
Using Wadfile: C:\Program Files (x86)\Steam\steamapps\common\Half-Life\halogs\maps\sl_bootcamp_b1.wa_
95 textures referenced
Reading texlights from 'C:\Users\Joe\Desktop\Modding and  Mapping\Seedees\tools\lights.rad'
1 opaque models
12 opaque faces
6669 faces
Create Patches : 15847 base patches
141268 square feet [20342654.00 square inches]
88 direct lights and 16386 fast direct lights
1 light styles

FindFacePositions:
 (0.24 seconds)
BuildFacelights:
 (4.64 seconds)
BuildVisLeafs:
 (1.01 seconds)
visibility matrix   :   4.9 megs
MakeScales:
 (0.95 seconds)
Transfer Lists :     9732125 :     9.73M transfers
       Indices :     9182564 :     8.76M bytes
          Data :    19510963 :    18.61M bytes
Bounce 1 GatherLight:
 (0.03 seconds)
Bounce 2 GatherLight:
 (0.03 seconds)
Bounce 3 GatherLight:
 (0.03 seconds)
Bounce 4 GatherLight:
 (0.03 seconds)
Bounce 5 GatherLight:
 (0.03 seconds)
Bounce 6 GatherLight:
 (0.03 seconds)
Bounce 7 GatherLight:
 (0.03 seconds)
Bounce 8 GatherLight:
 (0.03 seconds)
CreateTriangulations:
 (0.02 seconds)
AddPatchLights:
 (0.36 seconds)
FinalLightFace:
 (0.00 seconds)

Object names  Objects/Maxobjs  Memory / Maxmem  Fullness
------------  ---------------  ---------------  --------
models             72/512         4608/32768    (14.1%)
planes           5284/32768     105680/655360   (16.1%)
vertexes        10140/65535     121680/786420   (15.5%)
nodes            4442/32767     106608/786408   (13.6%)
texinfos         1379/32767      55160/1310680  ( 4.2%)
faces            6669/65535     133380/1310700  (10.2%)
* worldfaces     6293/32768          0/0        (19.2%)
clipnodes       10741/32767      85928/262136   (32.8%)
leaves           3293/32760      92204/917280   (10.1%)
* worldleaves    2531/8192           0/0        (30.9%)
marksurfaces    10458/65535      20916/131070   (16.0%)
surfedges       32280/512000    129120/2048000  ( 6.3%)
edges           17168/256000     68672/1024000  ( 6.7%)
texdata          [variable]       6316/33554432 ( 0.0%)
lightdata        [variable]     605532/50331648 ( 1.2%)
visdata          [variable]      62679/8388608  ( 0.7%)
entdata          [variable]      66951/2097152  ( 3.2%)
* AllocBlock       14/64             0/0        (21.9%)
95 textures referenced
=== Total BSP file data space used: 1665434 bytes ===
Wad files required to run the map: "fonts.wad;gfx.wad;halflife.wad;liquids.wad;tempdecal.wad;xeno.wad;hlof.wad;343_guilty_spark.wad;bloodgulch.wad;covie_stuff.wad;hgs.wad;"
7.74 seconds elapsed

-----   END   sdHLRAD -----



