132
279
4 0 1 (416.000000 1936.000000 128.000000) (624.000000 1936.000000 128.000000) (624.000000 1936.000000 384.000000) (416.000000 1936.000000 384.000000) 
4 1 6 (624.000000 1664.000000 384.000000) (416.000000 1664.000000 384.000000) (416.000000 1664.000000 128.000000) (624.000000 1664.000000 128.000000) 
4 1 2 (416.000000 1936.000000 384.000000) (416.000000 1936.000000 128.000000) (416.000000 1680.000000 128.000000) (416.000000 1680.000000 384.000000) 
4 2 3 (288.000000 1936.000000 128.000000) (288.000000 1680.000000 128.000000) (288.000000 1680.000000 384.000000) (288.000000 1936.000000 384.000000) 
4 3 7 (288.000000 1664.000000 384.000000) (64.000000 1664.000000 384.000000) (64.000000 1664.000000 128.000000) (288.000000 1664.000000 128.000000) 
4 3 4 (64.000000 1920.000000 128.000000) (64.000000 1664.000000 128.000000) (64.000000 1664.000000 384.000000) (64.000000 1920.000000 384.000000) 
4 4 16 (48.000000 1920.000000 128.000000) (48.000000 1664.000000 128.000000) (48.000000 1664.000000 384.000000) (48.000000 1920.000000 384.000000) 
5 5 12 (752.000000 1280.000000 240.000000) (752.000000 1280.000000 128.000000) (672.000000 1200.000000 128.000000) (640.000000 1168.000000 176.000000) (640.000000 1168.000000 240.000000) 
5 5 9 (752.000000 1280.000000 384.000000) (752.000000 1280.000000 240.000000) (640.000000 1168.000000 240.000000) (640.000000 1168.000000 336.000000) (672.000000 1200.000000 384.000000) 
4 6 11 (416.000000 1456.000000 128.000000) (748.000000 1456.000000 128.000000) (748.000000 1456.000000 240.000000) (416.000000 1456.000000 240.000000) 
4 6 9 (752.000000 1456.000000 240.000000) (752.000000 1456.000000 384.000000) (416.000000 1456.000000 384.000000) (416.000000 1456.000000 240.000000) 
4 6 8 (416.000000 1552.000000 128.000000) (416.000000 1456.000000 128.000000) (416.000000 1456.000000 384.000000) (416.000000 1552.000000 384.000000) 
4 7 8 (64.000000 1552.000000 128.000000) (288.000000 1552.000000 128.000000) (288.000000 1552.000000 384.000000) (64.000000 1552.000000 384.000000) 
4 8 13 (64.000000 1456.000000 128.000000) (416.000000 1456.000000 128.000000) (416.000000 1456.000000 384.000000) (64.000000 1456.000000 384.000000) 
4 9 15 (640.000000 1168.000000 240.000000) (640.000000 1168.000000 384.000000) (416.000000 1168.000000 384.000000) (416.000000 1168.000000 240.000000) 
4 9 13 (416.000000 1456.000000 384.000000) (416.000000 1456.000000 240.000000) (416.000000 1296.000000 240.000000) (416.000000 1296.000000 384.000000) 
4 9 11 (416.000000 1456.000000 240.000000) (748.000000 1456.000000 240.000000) (748.000000 1360.000000 240.000000) (416.000000 1360.000000 240.000000) 
5 9 12 (752.000000 1360.000000 240.000000) (752.000000 1280.000000 240.000000) (640.000000 1168.000000 240.000000) (416.000000 1168.000000 240.000000) (416.000000 1360.000000 240.000000) 
4 11 13 (416.000000 1456.000000 240.000000) (416.000000 1456.000000 128.000000) (416.000000 1360.000000 128.000000) (416.000000 1360.000000 240.000000) 
4 11 12 (416.000000 1360.000000 240.000000) (416.000000 1360.000000 128.000000) (748.000000 1360.000000 128.000000) (748.000000 1360.000000 240.000000) 
4 12 15 (416.000000 1168.000000 128.000000) (640.000000 1168.000000 128.000000) (640.000000 1168.000000 240.000000) (416.000000 1168.000000 240.000000) 
4 12 13 (416.000000 1360.000000 128.000000) (416.000000 1296.000000 128.000000) (416.000000 1296.000000 240.000000) (416.000000 1360.000000 240.000000) 
4 13 14 (64.000000 1296.000000 128.000000) (288.000000 1296.000000 128.000000) (288.000000 1296.000000 384.000000) (64.000000 1296.000000 384.000000) 
4 14 15 (64.000000 1168.000000 128.000000) (288.000000 1168.000000 128.000000) (288.000000 1168.000000 384.000000) (64.000000 1168.000000 384.000000) 
4 15 82 (64.000000 1024.000000 83.692308) (128.000000 1024.000000 83.692308) (128.000000 1024.000000 256.000000) (64.000000 1024.000000 256.000000) 
4 15 81 (128.000000 1024.000000 256.000000) (128.000000 1024.000000 339.692308) (64.000000 1024.000000 339.692308) (64.000000 1024.000000 256.000000) 
4 15 70 (128.000000 1024.000000 83.692308) (640.000000 1024.000000 83.692308) (640.000000 1024.000000 256.000000) (128.000000 1024.000000 256.000000) 
4 15 66 (640.000000 1024.000000 256.000000) (640.000000 1024.000000 339.692308) (128.000000 1024.000000 339.692308) (128.000000 1024.000000 256.000000) 
4 16 31 (-704.000000 1920.000000 256.000000) (-704.000000 1664.000000 256.000000) (-704.000000 1664.000000 464.000000) (-704.000000 1920.000000 464.000000) 
4 17 33 (-1000.000000 1920.000000 704.000000) (-1560.000000 1920.000000 704.000000) (-1560.000000 1920.000000 672.000000) (-1000.000000 1920.000000 672.000000) 
4 18 34 (-1560.000000 1920.000000 672.000000) (-1560.000000 1920.000000 512.000000) (-1000.000000 1920.000000 512.000000) (-1000.000000 1920.000000 672.000000) 
4 18 26 (-1560.000000 1920.000000 512.000000) (-1560.000000 2032.000000 512.000000) (-1504.000000 2032.000000 512.000000) (-1504.000000 1920.000000 512.000000) 
4 18 25 (-1504.000000 2032.000000 512.000000) (-1056.000000 2032.000000 512.000000) (-1056.000000 1920.000000 512.000000) (-1504.000000 1920.000000 512.000000) 
4 18 24 (-1560.000000 2032.000000 512.000000) (-1560.000000 2072.000000 512.000000) (-1056.000000 2072.000000 512.000000) (-1056.000000 2032.000000 512.000000) 
4 18 22 (-1056.000000 2016.000000 512.000000) (-1056.000000 2032.000000 512.000000) (-1040.000000 2032.000000 512.000000) (-1040.000000 2016.000000 512.000000) 
4 18 23 (-1040.000000 1920.000000 512.000000) (-1056.000000 1920.000000 512.000000) (-1056.000000 2016.000000 512.000000) (-1040.000000 2016.000000 512.000000) 
4 18 21 (-1000.000000 2032.000000 512.000000) (-1000.000000 1920.000000 512.000000) (-1040.000000 1920.000000 512.000000) (-1040.000000 2032.000000 512.000000) 
4 18 20 (-1056.000000 2072.000000 512.000000) (-1040.000000 2072.000000 512.000000) (-1040.000000 2032.000000 512.000000) (-1056.000000 2032.000000 512.000000) 
4 18 19 (-1040.000000 2072.000000 512.000000) (-1000.000000 2072.000000 512.000000) (-1000.000000 2032.000000 512.000000) (-1040.000000 2032.000000 512.000000) 
5 19 21 (-1016.000000 2032.000000 256.000000) (-720.000000 2032.000000 256.000000) (-720.000000 2032.000000 512.000000) (-1040.000000 2032.000000 512.000000) (-1040.000000 2032.000000 265.600000) 
5 19 20 (-1040.000000 2288.000000 512.000000) (-1040.000000 2288.000000 256.000000) (-1040.000000 2056.000000 256.000000) (-1040.000000 2032.000000 265.600000) (-1040.000000 2032.000000 512.000000) 
5 20 24 (-1056.000000 2288.000000 512.000000) (-1056.000000 2288.000000 256.000000) (-1056.000000 2056.000000 256.000000) (-1056.000000 2032.000000 265.600000) (-1056.000000 2032.000000 512.000000) 
4 20 22 (-1040.000000 2032.000000 265.600000) (-1040.000000 2032.000000 512.000000) (-1056.000000 2032.000000 512.000000) (-1056.000000 2032.000000 272.000000) 
5 21 37 (-1040.000000 1920.000000 457.600000) (-1040.000000 1920.000000 265.600000) (-1016.000000 1920.000000 256.000000) (-1000.000000 1920.000000 256.000000) (-1000.000000 1920.000000 473.600000) 
4 21 34 (-1000.000000 1920.000000 512.000000) (-1040.000000 1920.000000 512.000000) (-1040.000000 1920.000000 457.600000) (-1000.000000 1920.000000 473.600000) 
4 21 32 (-720.000000 1920.000000 512.000000) (-1000.000000 1920.000000 512.000000) (-1000.000000 1920.000000 256.000000) (-720.000000 1920.000000 256.000000) 
4 21 22 (-1040.000000 2016.000000 512.000000) (-1040.000000 2032.000000 512.000000) (-1040.000000 2032.000000 265.600000) (-1040.000000 2016.000000 272.000000) 
4 21 23 (-1040.000000 1920.000000 265.600000) (-1040.000000 1920.000000 512.000000) (-1040.000000 2016.000000 512.000000) (-1040.000000 2016.000000 265.600000) 
4 22 25 (-1056.000000 2016.000000 512.000000) (-1056.000000 2032.000000 512.000000) (-1056.000000 2032.000000 272.000000) (-1056.000000 2016.000000 272.000000) 
4 22 23 (-1056.000000 2016.000000 512.000000) (-1056.000000 2016.000000 272.000000) (-1040.000000 2016.000000 272.000000) (-1040.000000 2016.000000 512.000000) 
4 23 38 (-1056.000000 1920.000000 451.200000) (-1056.000000 1920.000000 272.000000) (-1040.000000 1920.000000 265.600000) (-1040.000000 1920.000000 457.600000) 
4 23 34 (-1040.000000 1920.000000 512.000000) (-1056.000000 1920.000000 512.000000) (-1056.000000 1920.000000 451.200000) (-1040.000000 1920.000000 457.600000) 
3 23 27 (-1056.000000 1920.000000 272.000000) (-1056.000000 1920.000000 310.400000) (-1056.000000 2016.000000 272.000000) 
4 23 25 (-1056.000000 1920.000000 310.400000) (-1056.000000 1920.000000 512.000000) (-1056.000000 2016.000000 512.000000) (-1056.000000 2016.000000 272.000000) 
5 24 46 (-1560.000000 2112.000000 256.000000) (-1560.000000 2056.000000 256.000000) (-1560.000000 2032.000000 265.600000) (-1560.000000 2032.000000 512.000000) (-1560.000000 2112.000000 512.000000) 
4 24 45 (-1560.000000 2288.000000 256.000000) (-1560.000000 2112.000000 256.000000) (-1560.000000 2112.000000 512.000000) (-1560.000000 2288.000000 512.000000) 
3 24 30 (-1544.000000 2056.000000 256.000000) (-1536.000000 2056.000000 256.000000) (-1536.000000 2048.000000 259.200000) 
5 24 29 (-1560.000000 2032.000000 265.600000) (-1560.000000 2056.000000 256.000000) (-1544.000000 2056.000000 256.000000) (-1536.000000 2048.000000 259.200000) (-1536.000000 2032.000000 265.600000) 
5 24 26 (-1504.000000 2032.000000 512.000000) (-1560.000000 2032.000000 512.000000) (-1560.000000 2032.000000 265.600000) (-1520.000000 2032.000000 265.600000) (-1504.000000 2032.000000 272.000000) 
4 24 25 (-1056.000000 2032.000000 512.000000) (-1504.000000 2032.000000 512.000000) (-1504.000000 2032.000000 265.600000) (-1056.000000 2032.000000 265.600000) 
3 25 42 (-1408.000000 1920.000000 310.400000) (-1152.000000 1920.000000 310.400000) (-1280.000000 1920.000000 361.600000) 
4 25 38 (-1152.000000 1920.000000 310.400000) (-1056.000000 1920.000000 310.400000) (-1056.000000 1920.000000 451.200000) (-1280.000000 1920.000000 361.600000) 
5 25 34 (-1056.000000 1920.000000 512.000000) (-1504.000000 1920.000000 512.000000) (-1504.000000 1920.000000 310.400000) (-1408.000000 1920.000000 310.400000) (-1056.000000 1920.000000 451.200000) 
4 25 27 (-1056.000000 2016.000000 272.000000) (-1056.000000 1920.000000 310.400000) (-1504.000000 1920.000000 310.400000) (-1504.000000 2016.000000 272.000000) 
5 25 26 (-1504.000000 2016.000000 272.000000) (-1504.000000 1920.000000 310.400000) (-1504.000000 1920.000000 512.000000) (-1504.000000 2032.000000 512.000000) (-1504.000000 2032.000000 272.000000) 
4 26 46 (-1560.000000 2032.000000 265.600000) (-1560.000000 1920.000000 310.400000) (-1560.000000 1920.000000 512.000000) (-1560.000000 2032.000000 512.000000) 
4 26 34 (-1504.000000 1920.000000 512.000000) (-1560.000000 1920.000000 512.000000) (-1560.000000 1920.000000 310.400000) (-1504.000000 1920.000000 310.400000) 
4 26 29 (-1560.000000 1920.000000 310.400000) (-1560.000000 2032.000000 265.600000) (-1536.000000 2032.000000 265.600000) (-1536.000000 1920.000000 310.400000) 
4 26 27 (-1504.000000 2016.000000 272.000000) (-1504.000000 1920.000000 310.400000) (-1536.000000 1920.000000 310.400000) (-1536.000000 2016.000000 272.000000) 
4 27 42 (-1056.000000 1920.000000 272.000000) (-1152.000000 1920.000000 310.400000) (-1408.000000 1920.000000 310.400000) (-1504.000000 1920.000000 272.000000) 
3 27 38 (-1056.000000 1920.000000 272.000000) (-1056.000000 1920.000000 310.400000) (-1152.000000 1920.000000 310.400000) 
4 27 34 (-1408.000000 1920.000000 310.400000) (-1536.000000 1920.000000 310.400000) (-1536.000000 1920.000000 272.000000) (-1504.000000 1920.000000 272.000000) 
3 27 29 (-1536.000000 1920.000000 272.000000) (-1536.000000 1920.000000 310.400000) (-1536.000000 2016.000000 272.000000) 
4 27 28 (-1536.000000 2016.000000 272.000000) (-1504.000000 2016.000000 272.000000) (-1504.000000 1920.000000 272.000000) (-1536.000000 1920.000000 272.000000) 
3 28 34 (-1504.000000 1920.000000 272.000000) (-1536.000000 1920.000000 272.000000) (-1536.000000 1920.000000 259.200000) 
4 28 29 (-1536.000000 1920.000000 259.200000) (-1536.000000 1920.000000 272.000000) (-1536.000000 2016.000000 272.000000) (-1536.000000 2016.000000 259.200000) 
3 29 46 (-1560.000000 2056.000000 256.000000) (-1560.000000 1920.000000 256.000000) (-1560.000000 1920.000000 310.400000) 
5 29 34 (-1560.000000 1920.000000 310.400000) (-1560.000000 1920.000000 256.000000) (-1544.000000 1920.000000 256.000000) (-1536.000000 1920.000000 259.200000) (-1536.000000 1920.000000 310.400000) 
4 29 30 (-1544.000000 2032.000000 256.000000) (-1544.000000 2056.000000 256.000000) (-1536.000000 2048.000000 259.200000) (-1536.000000 2032.000000 259.200000) 
4 31 32 (-720.000000 1920.000000 464.000000) (-720.000000 1920.000000 256.000000) (-720.000000 1664.000000 256.000000) (-720.000000 1664.000000 464.000000) 
4 32 53 (-1000.000000 1640.000000 512.000000) (-1000.000000 1640.000000 256.000000) (-720.000000 1640.000000 256.000000) (-720.000000 1640.000000 512.000000) 
4 32 37 (-1000.000000 1920.000000 473.600000) (-1000.000000 1920.000000 256.000000) (-1000.000000 1640.000000 256.000000) (-1000.000000 1640.000000 473.600000) 
4 32 35 (-1000.000000 1696.000000 473.600000) (-1000.000000 1640.000000 473.600000) (-1000.000000 1640.000000 512.000000) (-1000.000000 1696.000000 512.000000) 
4 32 34 (-1000.000000 1920.000000 512.000000) (-1000.000000 1920.000000 473.600000) (-1000.000000 1696.000000 473.600000) (-1000.000000 1696.000000 512.000000) 
4 34 46 (-1560.000000 1920.000000 512.000000) (-1560.000000 1920.000000 256.000000) (-1560.000000 1696.000000 256.000000) (-1560.000000 1696.000000 512.000000) 
3 34 42 (-1504.000000 1920.000000 272.000000) (-1280.000000 1920.000000 361.600000) (-1504.000000 1696.000000 272.000000) 
3 34 41 (-1280.000000 1920.000000 361.600000) (-1280.000000 1696.000000 361.600000) (-1504.000000 1696.000000 272.000000) 
4 34 38 (-1280.000000 1920.000000 361.600000) (-1040.000000 1920.000000 457.600000) (-1040.000000 1696.000000 457.600000) (-1280.000000 1696.000000 361.600000) 
4 34 37 (-1040.000000 1920.000000 457.600000) (-1000.000000 1920.000000 473.600000) (-1000.000000 1696.000000 473.600000) (-1040.000000 1696.000000 457.600000) 
5 34 35 (-1000.000000 1696.000000 473.600000) (-1000.000000 1696.000000 672.000000) (-1520.000000 1696.000000 672.000000) (-1520.000000 1696.000000 272.000000) (-1504.000000 1696.000000 272.000000) 
5 34 36 (-1520.000000 1696.000000 672.000000) (-1560.000000 1696.000000 672.000000) (-1560.000000 1696.000000 256.000000) (-1544.000000 1696.000000 256.000000) (-1520.000000 1696.000000 265.600000) 
4 35 60 (-1520.000000 1640.000000 265.600000) (-1024.000000 1640.000000 464.000000) (-1024.000000 1640.000000 512.000000) (-1520.000000 1640.000000 512.000000) 
4 35 53 (-1024.000000 1640.000000 464.000000) (-1000.000000 1640.000000 473.600000) (-1000.000000 1640.000000 512.000000) (-1024.000000 1640.000000 512.000000) 
4 35 43 (-1280.000000 1640.000000 361.600000) (-1520.000000 1640.000000 265.600000) (-1520.000000 1680.000000 265.600000) (-1280.000000 1680.000000 361.600000) 
4 35 41 (-1504.000000 1696.000000 272.000000) (-1280.000000 1696.000000 361.600000) (-1280.000000 1680.000000 361.600000) (-1504.000000 1680.000000 272.000000) 
4 35 39 (-1040.000000 1640.000000 457.600000) (-1280.000000 1640.000000 361.600000) (-1280.000000 1696.000000 361.600000) (-1040.000000 1696.000000 457.600000) 
4 35 37 (-1000.000000 1640.000000 473.600000) (-1040.000000 1640.000000 457.600000) (-1040.000000 1696.000000 457.600000) (-1000.000000 1696.000000 473.600000) 
5 35 36 (-1520.000000 1680.000000 265.600000) (-1520.000000 1640.000000 265.600000) (-1520.000000 1640.000000 672.000000) (-1520.000000 1696.000000 672.000000) (-1520.000000 1696.000000 272.000000) 
5 36 60 (-1560.000000 1640.000000 512.000000) (-1560.000000 1640.000000 256.000000) (-1544.000000 1640.000000 256.000000) (-1520.000000 1640.000000 265.600000) (-1520.000000 1640.000000 512.000000) 
4 36 46 (-1560.000000 1640.000000 256.000000) (-1560.000000 1640.000000 512.000000) (-1560.000000 1696.000000 512.000000) (-1560.000000 1696.000000 256.000000) 
4 36 44 (-1520.000000 1640.000000 265.600000) (-1544.000000 1640.000000 256.000000) (-1544.000000 1680.000000 256.000000) (-1520.000000 1680.000000 265.600000) 
4 37 60 (-1024.000000 1640.000000 464.000000) (-1040.000000 1640.000000 457.600000) (-1040.000000 1640.000000 265.600000) (-1024.000000 1640.000000 259.200000) 
5 37 53 (-1016.000000 1640.000000 256.000000) (-1000.000000 1640.000000 256.000000) (-1000.000000 1640.000000 473.600000) (-1024.000000 1640.000000 464.000000) (-1024.000000 1640.000000 259.200000) 
4 37 40 (-1016.000000 1680.000000 256.000000) (-1016.000000 1640.000000 256.000000) (-1040.000000 1640.000000 265.600000) (-1040.000000 1680.000000 265.600000) 
5 37 39 (-1040.000000 1640.000000 265.600000) (-1040.000000 1640.000000 457.600000) (-1040.000000 1696.000000 457.600000) (-1040.000000 1696.000000 272.000000) (-1040.000000 1680.000000 265.600000) 
4 37 38 (-1040.000000 1696.000000 457.600000) (-1040.000000 1920.000000 457.600000) (-1040.000000 1920.000000 265.600000) (-1040.000000 1696.000000 265.600000) 
3 38 42 (-1280.000000 1920.000000 361.600000) (-1056.000000 1920.000000 272.000000) (-1056.000000 1696.000000 272.000000) 
3 38 41 (-1280.000000 1920.000000 361.600000) (-1056.000000 1696.000000 272.000000) (-1280.000000 1696.000000 361.600000) 
4 38 39 (-1280.000000 1696.000000 361.600000) (-1056.000000 1696.000000 272.000000) (-1040.000000 1696.000000 272.000000) (-1040.000000 1696.000000 457.600000) 
3 39 60 (-1040.000000 1640.000000 457.600000) (-1280.000000 1640.000000 361.600000) (-1040.000000 1640.000000 265.600000) 
4 39 43 (-1040.000000 1680.000000 265.600000) (-1040.000000 1640.000000 265.600000) (-1280.000000 1640.000000 361.600000) (-1280.000000 1680.000000 361.600000) 
4 39 41 (-1056.000000 1680.000000 272.000000) (-1280.000000 1680.000000 361.600000) (-1280.000000 1696.000000 361.600000) (-1056.000000 1696.000000 272.000000) 
4 40 60 (-1040.000000 1640.000000 256.000000) (-1024.000000 1640.000000 256.000000) (-1024.000000 1640.000000 259.200000) (-1040.000000 1640.000000 265.600000) 
3 40 53 (-1024.000000 1640.000000 256.000000) (-1016.000000 1640.000000 256.000000) (-1024.000000 1640.000000 259.200000) 
4 40 43 (-1040.000000 1656.000000 256.000000) (-1040.000000 1640.000000 256.000000) (-1040.000000 1640.000000 265.600000) (-1040.000000 1680.000000 265.600000) 
5 41 43 (-1056.000000 1680.000000 265.600000) (-1056.000000 1680.000000 272.000000) (-1280.000000 1680.000000 361.600000) (-1504.000000 1680.000000 272.000000) (-1504.000000 1680.000000 265.600000) 
3 41 42 (-1504.000000 1696.000000 272.000000) (-1280.000000 1920.000000 361.600000) (-1056.000000 1696.000000 272.000000) 
5 43 60 (-1520.000000 1640.000000 256.000000) (-1040.000000 1640.000000 256.000000) (-1040.000000 1640.000000 265.600000) (-1280.000000 1640.000000 361.600000) (-1520.000000 1640.000000 265.600000) 
4 43 44 (-1520.000000 1656.000000 256.000000) (-1520.000000 1640.000000 256.000000) (-1520.000000 1640.000000 265.600000) (-1520.000000 1680.000000 265.600000) 
3 44 60 (-1544.000000 1640.000000 256.000000) (-1520.000000 1640.000000 256.000000) (-1520.000000 1640.000000 265.600000) 
4 45 46 (-1776.000000 2112.000000 256.000000) (-1560.000000 2112.000000 256.000000) (-1560.000000 2112.000000 512.000000) (-1776.000000 2112.000000 512.000000) 
4 46 63 (-1576.000000 1640.000000 512.000000) (-1952.000000 1640.000000 512.000000) (-1952.000000 1640.000000 256.000000) (-1576.000000 1640.000000 256.000000) 
4 46 60 (-1560.000000 1640.000000 256.000000) (-1560.000000 1640.000000 512.000000) (-1576.000000 1640.000000 512.000000) (-1576.000000 1640.000000 256.000000) 
4 47 51 (-496.000000 1341.600000 288.000000) (-496.000000 1341.600000 436.800000) (-496.000000 1539.735500 436.800000) (-496.000000 1539.735500 288.000000) 
4 47 49 (-224.000000 1280.000000 288.000000) (-224.000000 1280.000000 448.000000) (-384.000000 1280.000000 448.000000) (-384.000000 1280.000000 288.000000) 
4 47 48 (-496.000000 1341.600000 288.000000) (-496.000000 1539.735500 288.000000) (-384.000000 1498.670000 288.000000) (-384.000000 1280.000000 288.000000) 
4 48 51 (-496.000000 1341.600000 276.800000) (-496.000000 1341.600000 288.000000) (-496.000000 1539.735500 288.000000) (-496.000000 1539.735500 276.800000) 
4 49 78 (-224.000000 1024.000000 368.000000) (-224.000000 1024.000000 528.000000) (-384.000000 1024.000000 528.000000) (-384.000000 1024.000000 368.000000) 
4 50 85 (-448.000000 1024.000000 528.000000) (-496.000000 1024.000000 528.000000) (-496.000000 1024.000000 368.000000) (-448.000000 1024.000000 368.000000) 
4 50 55 (-496.000000 1024.000000 368.000000) (-496.000000 1024.000000 480.000000) (-496.000000 1120.000000 480.000000) (-496.000000 1120.000000 368.000000) 
4 50 54 (-496.000000 1024.000000 480.000000) (-496.000000 1024.000000 528.000000) (-496.000000 1120.000000 528.000000) (-496.000000 1120.000000 480.000000) 
4 51 52 (-704.000000 1472.000000 416.000000) (-704.000000 1600.000000 416.000000) (-704.000000 1600.000000 256.000000) (-704.000000 1472.000000 256.000000) 
4 52 53 (-720.000000 1600.000000 256.000000) (-720.000000 1472.000000 256.000000) (-720.000000 1472.000000 416.000000) (-720.000000 1600.000000 416.000000) 
4 53 60 (-1024.000000 1640.000000 512.000000) (-1024.000000 1640.000000 256.000000) (-1024.000000 1424.000000 256.000000) (-1024.000000 1424.000000 512.000000) 
4 54 85 (-496.000000 1024.000000 480.000000) (-496.000000 1024.000000 528.000000) (-752.000000 1024.000000 528.000000) (-752.000000 1024.000000 480.000000) 
4 54 57 (-656.000000 1148.000000 480.000000) (-656.000000 1024.000000 480.000000) (-752.000000 1024.000000 480.000000) (-752.000000 1148.000000 480.000000) 
5 54 55 (-656.000000 1152.000000 480.000000) (-512.000000 1152.000000 480.000000) (-496.000000 1120.000000 480.000000) (-496.000000 1024.000000 480.000000) (-656.000000 1024.000000 480.000000) 
4 54 58 (-752.000000 1152.000000 528.000000) (-752.000000 1152.000000 480.000000) (-752.000000 1024.000000 480.000000) (-752.000000 1024.000000 528.000000) 
4 55 85 (-496.000000 1024.000000 368.000000) (-496.000000 1024.000000 480.000000) (-656.000000 1024.000000 480.000000) (-656.000000 1024.000000 368.000000) 
4 55 57 (-656.000000 1148.000000 368.000000) (-656.000000 1024.000000 368.000000) (-656.000000 1024.000000 480.000000) (-656.000000 1148.000000 480.000000) 
4 57 85 (-656.000000 1024.000000 480.000000) (-752.000000 1024.000000 480.000000) (-752.000000 1024.000000 368.000000) (-656.000000 1024.000000 368.000000) 
4 57 58 (-752.000000 1148.000000 368.000000) (-752.000000 1024.000000 368.000000) (-752.000000 1024.000000 480.000000) (-752.000000 1148.000000 480.000000) 
4 58 85 (-752.000000 1024.000000 528.000000) (-960.000000 1024.000000 528.000000) (-960.000000 1024.000000 368.000000) (-752.000000 1024.000000 368.000000) 
4 59 86 (-576.000000 1024.000000 320.000000) (-1024.000000 1024.000000 320.000000) (-1024.000000 1024.000000 64.000000) (-576.000000 1024.000000 64.000000) 
4 60 64 (-1576.000000 1424.000000 512.000000) (-1576.000000 1600.000000 512.000000) (-1576.000000 1600.000000 256.000000) (-1576.000000 1424.000000 256.000000) 
4 60 63 (-1576.000000 1600.000000 512.000000) (-1576.000000 1640.000000 512.000000) (-1576.000000 1640.000000 256.000000) (-1576.000000 1600.000000 256.000000) 
4 60 61 (-1576.000000 1424.000000 256.000000) (-1280.000000 1424.000000 256.000000) (-1280.000000 1424.000000 512.000000) (-1576.000000 1424.000000 512.000000) 
4 61 64 (-1576.000000 1408.000000 256.000000) (-1576.000000 1408.000000 512.000000) (-1576.000000 1424.000000 512.000000) (-1576.000000 1424.000000 256.000000) 
4 61 62 (-1280.000000 1408.000000 512.000000) (-1576.000000 1408.000000 512.000000) (-1576.000000 1408.000000 256.000000) (-1280.000000 1408.000000 256.000000) 
4 62 99 (-1576.000000 1024.000000 320.000000) (-1576.000000 1024.000000 128.000000) (-1472.000000 1024.000000 128.000000) (-1472.000000 1024.000000 320.000000) 
4 62 94 (-1576.000000 1024.000000 384.000000) (-1576.000000 1024.000000 320.000000) (-1472.000000 1024.000000 320.000000) (-1472.000000 1024.000000 384.000000) 
4 62 65 (-1576.000000 1024.000000 128.000000) (-1576.000000 1024.000000 384.000000) (-1576.000000 1408.000000 512.000000) (-1576.000000 1408.000000 256.000000) 
4 63 64 (-1776.000000 1600.000000 256.000000) (-1576.000000 1600.000000 256.000000) (-1576.000000 1600.000000 512.000000) (-1776.000000 1600.000000 512.000000) 
4 64 65 (-1776.000000 1408.000000 256.000000) (-1576.000000 1408.000000 256.000000) (-1576.000000 1408.000000 512.000000) (-1776.000000 1408.000000 512.000000) 
4 65 99 (-1576.000000 1024.000000 128.000000) (-1576.000000 1024.000000 320.000000) (-1968.000000 1024.000000 320.000000) (-1968.000000 1024.000000 128.000000) 
4 65 94 (-1576.000000 1024.000000 320.000000) (-1576.000000 1024.000000 384.000000) (-1968.000000 1024.000000 384.000000) (-1968.000000 1024.000000 320.000000) 
3 66 81 (128.000000 1024.000000 339.692308) (128.000000 1024.000000 256.000000) (128.000000 752.000000 256.000000) 
4 66 70 (128.000000 752.000000 256.000000) (128.000000 1024.000000 256.000000) (640.000000 1024.000000 256.000000) (640.000000 752.000000 256.000000) 
4 67 114 (128.000000 400.000000 416.000000) (128.000000 400.000000 272.000000) (272.000000 400.000000 272.000000) (272.000000 400.000000 416.000000) 
4 67 107 (272.000000 400.000000 272.000000) (432.000000 400.000000 272.000000) (432.000000 400.000000 416.000000) (272.000000 400.000000 416.000000) 
4 67 83 (128.000000 400.000000 272.000000) (128.000000 400.000000 368.000000) (128.000000 416.000000 368.000000) (128.000000 416.000000 272.000000) 
4 67 80 (128.000000 400.000000 368.000000) (128.000000 400.000000 416.000000) (128.000000 416.000000 416.000000) (128.000000 416.000000 368.000000) 
4 68 71 (432.000000 608.000000 256.000000) (432.000000 544.000000 256.000000) (416.000000 560.000000 256.000000) (416.000000 592.000000 256.000000) 
4 68 72 (432.000000 544.000000 256.000000) (432.000000 512.000000 256.000000) (416.000000 512.000000 256.000000) (416.000000 560.000000 256.000000) 
4 68 73 (416.000000 640.000000 256.000000) (432.000000 640.000000 256.000000) (432.000000 608.000000 256.000000) (416.000000 592.000000 256.000000) 
4 69 75 (288.000000 592.000000 256.000000) (288.000000 560.000000 256.000000) (272.000000 544.000000 256.000000) (272.000000 608.000000 256.000000) 
4 69 74 (288.000000 560.000000 256.000000) (288.000000 512.000000 256.000000) (272.000000 512.000000 256.000000) (272.000000 544.000000 256.000000) 
4 69 73 (272.000000 640.000000 256.000000) (288.000000 640.000000 256.000000) (288.000000 592.000000 256.000000) (272.000000 608.000000 256.000000) 
4 70 82 (128.000000 1024.000000 256.000000) (128.000000 1024.000000 83.692308) (128.000000 752.000000 0.000000) (128.000000 752.000000 256.000000) 
4 70 73 (128.000000 752.000000 256.000000) (128.000000 752.000000 0.000000) (576.000000 752.000000 0.000000) (576.000000 752.000000 256.000000) 
4 71 76 (432.000000 544.000000 0.000000) (416.000000 560.000000 0.000000) (416.000000 592.000000 0.000000) (432.000000 608.000000 0.000000) 
4 71 72 (400.000000 576.000000 0.000000) (448.000000 528.000000 0.000000) (448.000000 528.000000 256.000000) (400.000000 576.000000 256.000000) 
4 71 73 (448.000000 624.000000 0.000000) (400.000000 576.000000 0.000000) (400.000000 576.000000 256.000000) (448.000000 624.000000 256.000000) 
4 72 109 (480.000000 400.000000 0.000000) (576.000000 400.000000 0.000000) (576.000000 400.000000 256.000000) (480.000000 400.000000 256.000000) 
4 72 76 (416.000000 512.000000 0.000000) (416.000000 560.000000 0.000000) (432.000000 544.000000 0.000000) (432.000000 512.000000 0.000000) 
4 72 74 (352.000000 528.000000 0.000000) (480.000000 400.000000 0.000000) (480.000000 400.000000 256.000000) (352.000000 528.000000 256.000000) 
4 72 73 (400.000000 576.000000 0.000000) (352.000000 528.000000 0.000000) (352.000000 528.000000 256.000000) (400.000000 576.000000 256.000000) 
4 73 77 (288.000000 592.000000 0.000000) (272.000000 608.000000 0.000000) (272.000000 640.000000 0.000000) (288.000000 640.000000 0.000000) 
4 73 76 (416.000000 640.000000 0.000000) (432.000000 640.000000 0.000000) (432.000000 608.000000 0.000000) (416.000000 592.000000 0.000000) 
4 73 75 (256.000000 624.000000 0.000000) (304.000000 576.000000 0.000000) (304.000000 576.000000 256.000000) (256.000000 624.000000 256.000000) 
4 73 74 (304.000000 576.000000 0.000000) (352.000000 528.000000 0.000000) (352.000000 528.000000 256.000000) (304.000000 576.000000 256.000000) 
4 74 115 (128.000000 400.000000 256.000000) (128.000000 400.000000 0.000000) (272.000000 400.000000 0.000000) (272.000000 400.000000 256.000000) 
4 74 109 (272.000000 400.000000 0.000000) (480.000000 400.000000 0.000000) (480.000000 400.000000 256.000000) (272.000000 400.000000 256.000000) 
4 74 77 (272.000000 544.000000 0.000000) (288.000000 560.000000 0.000000) (288.000000 512.000000 0.000000) (272.000000 512.000000 0.000000) 
4 74 75 (304.000000 576.000000 256.000000) (304.000000 576.000000 0.000000) (256.000000 528.000000 0.000000) (256.000000 528.000000 256.000000) 
4 75 77 (272.000000 608.000000 0.000000) (288.000000 592.000000 0.000000) (288.000000 560.000000 0.000000) (272.000000 544.000000 0.000000) 
4 78 85 (-400.000000 1024.000000 528.000000) (-400.000000 1024.000000 368.000000) (-400.000000 864.800000 368.000000) (-400.000000 864.800000 528.000000) 
4 78 79 (-384.000000 864.000000 368.000000) (-224.000000 864.000000 368.000000) (-224.000000 864.000000 528.000000) (-384.000000 864.000000 528.000000) 
4 79 84 (-384.000000 864.000000 368.000000) (-224.000000 864.000000 368.000000) (115.862000 416.000000 368.000000) (-44.137931 416.000000 368.000000) 
4 79 80 (-44.137931 416.000000 416.000000) (-44.137931 416.000000 368.000000) (115.862000 416.000000 368.000000) (115.862000 416.000000 416.000000) 
4 80 114 (128.000000 400.000000 368.000000) (128.000000 400.000000 416.000000) (-32.000000 400.000000 416.000000) (-32.000000 400.000000 368.000000) 
4 80 84 (128.000000 400.000000 368.000000) (-32.000000 400.000000 368.000000) (-44.137931 416.000000 368.000000) (115.862000 416.000000 368.000000) 
3 80 83 (128.000000 400.000000 368.000000) (115.862000 416.000000 368.000000) (128.000000 416.000000 368.000000) 
4 81 82 (64.000000 1024.000000 256.000000) (128.000000 1024.000000 256.000000) (128.000000 752.000000 256.000000) (64.000000 752.000000 256.000000) 
4 83 84 (127.999929 400.000000 272.000000) (127.999929 400.000000 368.000000) (115.862000 416.000000 368.000000) (115.862000 416.000000 275.310345) 
4 84 114 (128.000000 400.000000 272.000000) (128.000000 400.000000 368.000000) (-32.000000 400.000000 368.000000) (-32.000000 400.000000 272.000000) 
4 85 93 (-1024.000000 1024.000000 384.000000) (-1024.000000 1024.000000 368.000000) (-1024.000000 896.000000 368.000000) (-1024.000000 896.000000 384.000000) 
4 85 88 (-1024.000000 896.000000 528.000000) (-1024.000000 1024.000000 528.000000) (-1024.000000 1024.000000 384.000000) (-1024.000000 896.000000 384.000000) 
4 86 100 (-1024.000000 864.000000 64.000000) (-1024.000000 576.000000 64.000000) (-1024.000000 576.000000 320.000000) (-1024.000000 864.000000 320.000000) 
3 86 97 (-1024.000000 992.000000 64.000000) (-1024.000000 864.000000 64.000000) (-1024.000000 864.000000 128.000000) 
5 86 96 (-1024.000000 1024.000000 320.000000) (-1024.000000 1024.000000 64.000000) (-1024.000000 992.000000 64.000000) (-1024.000000 864.000000 128.000000) (-1024.000000 864.000000 320.000000) 
4 86 87 (-576.000000 576.000000 320.000000) (-1024.000000 576.000000 320.000000) (-1024.000000 576.000000 64.000000) (-576.000000 576.000000 64.000000) 
4 87 126 (-896.000000 400.000000 256.000000) (-1024.000000 400.000000 256.000000) (-1024.000000 400.000000 0.000000) (-896.000000 400.000000 0.000000) 
4 87 120 (-576.000000 400.000000 256.000000) (-688.000000 400.000000 256.000000) (-688.000000 400.000000 0.000000) (-576.000000 400.000000 0.000000) 
4 87 125 (-688.000000 400.000000 256.000000) (-896.000000 400.000000 256.000000) (-896.000000 400.000000 0.000000) (-688.000000 400.000000 0.000000) 
4 88 93 (-1240.000000 1024.000000 384.000000) (-1024.000000 1024.000000 384.000000) (-1024.000000 896.000000 384.000000) (-1240.000000 888.000000 384.000000) 
4 88 91 (-1456.000000 885.333333 400.000000) (-1456.000000 880.000000 400.000000) (-1456.000000 880.000000 560.000000) (-1456.000000 885.333333 560.000000) 
4 88 90 (-1456.000000 976.000000 400.000000) (-1456.000000 885.333333 400.000000) (-1456.000000 885.333333 560.000000) (-1456.000000 976.000000 560.000000) 
4 88 89 (-1456.000000 1024.000000 560.000000) (-1456.000000 1024.000000 400.000000) (-1456.000000 976.000000 400.000000) (-1456.000000 976.000000 560.000000) 
4 89 90 (-1664.000000 976.000000 400.000000) (-1456.000000 976.000000 400.000000) (-1456.000000 976.000000 560.000000) (-1664.000000 976.000000 560.000000) 
4 90 92 (-1872.000000 848.000000 400.000000) (-1872.000000 944.000000 400.000000) (-1744.000000 944.000000 400.000000) (-1744.000000 848.000000 400.000000) 
4 90 91 (-1472.000000 880.000000 400.000000) (-1456.000000 885.333333 400.000000) (-1456.000000 885.333333 560.000000) (-1472.000000 880.000000 560.000000) 
4 92 95 (-1744.000000 896.000000 384.000000) (-1744.000000 848.000000 384.000000) (-1872.000000 848.000000 384.000000) (-1872.000000 896.000000 384.000000) 
4 92 94 (-1872.000000 944.000000 384.000000) (-1744.000000 944.000000 384.000000) (-1744.000000 896.000000 384.000000) (-1872.000000 896.000000 384.000000) 
4 94 99 (-2112.000000 896.000000 320.000000) (-2112.000000 1024.000000 320.000000) (-1472.000000 1024.000000 320.000000) (-1472.000000 896.000000 320.000000) 
4 94 96 (-1472.000000 1024.000000 320.000000) (-1024.000000 1024.000000 320.000000) (-1024.000000 896.000000 320.000000) (-1472.000000 896.000000 320.000000) 
4 94 95 (-1712.000000 896.000000 384.000000) (-1936.000000 896.000000 384.000000) (-1936.000000 896.000000 320.000000) (-1712.000000 896.000000 320.000000) 
4 95 102 (-1712.000000 576.000000 384.000000) (-1872.000000 576.000000 384.000000) (-1872.000000 576.000000 320.000000) (-1712.000000 576.000000 320.000000) 
4 95 106 (-1872.000000 576.000000 384.000000) (-1936.000000 576.000000 384.000000) (-1936.000000 576.000000 320.000000) (-1872.000000 576.000000 320.000000) 
4 95 100 (-1712.000000 864.000000 320.000000) (-1712.000000 576.000000 320.000000) (-1936.000000 576.000000 320.000000) (-1936.000000 864.000000 320.000000) 
4 95 99 (-1936.000000 896.000000 320.000000) (-1712.000000 896.000000 320.000000) (-1712.000000 864.000000 320.000000) (-1936.000000 864.000000 320.000000) 
4 96 100 (-1024.000000 864.000000 128.000000) (-1024.000000 864.000000 320.000000) (-1472.000000 864.000000 320.000000) (-1472.000000 864.000000 128.000000) 
5 96 99 (-1472.000000 864.000000 128.000000) (-1472.000000 864.000000 320.000000) (-1472.000000 1024.000000 320.000000) (-1472.000000 1024.000000 112.000000) (-1472.000000 896.000000 112.000000) 
3 96 98 (-1472.000000 896.000000 112.000000) (-1024.000000 992.000000 64.000000) (-1360.000000 896.000000 112.000000) 
3 96 97 (-1472.000000 864.000000 128.000000) (-1024.000000 992.000000 64.000000) (-1024.000000 864.000000 128.000000) 
3 97 100 (-1024.000000 864.000000 64.000000) (-1024.000000 864.000000 128.000000) (-1472.000000 864.000000 128.000000) 
3 97 98 (-1024.000000 992.000000 64.000000) (-1024.000000 896.000000 64.000000) (-1360.000000 896.000000 112.000000) 
3 99 101 (-2112.000000 864.000000 219.428571) (-2112.000000 864.000000 128.000000) (-1472.000000 864.000000 128.000000) 
4 99 100 (-2112.000000 864.000000 320.000000) (-2112.000000 864.000000 219.428571) (-1472.000000 864.000000 128.000000) (-1472.000000 864.000000 320.000000) 
4 100 104 (-1872.000000 576.000000 240.000000) (-1872.000000 576.000000 185.142857) (-1776.000000 576.000000 171.428571) (-1776.000000 576.000000 240.000000) 
4 100 103 (-1776.000000 576.000000 171.428571) (-1712.000000 576.000000 162.285714) (-1712.000000 576.000000 240.000000) (-1776.000000 576.000000 240.000000) 
4 100 102 (-1712.000000 576.000000 320.000000) (-1872.000000 576.000000 320.000000) (-1872.000000 576.000000 240.000000) (-1712.000000 576.000000 240.000000) 
4 100 106 (-1872.000000 576.000000 320.000000) (-1936.000000 576.000000 320.000000) (-1936.000000 576.000000 194.285714) (-1872.000000 576.000000 185.142857) 
4 100 101 (-2112.000000 864.000000 219.428571) (-1472.000000 864.000000 128.000000) (-1472.000000 576.000000 128.000000) (-2112.000000 576.000000 219.428571) 
4 101 104 (-1776.000000 576.000000 171.428571) (-1872.000000 576.000000 185.142857) (-1872.000000 576.000000 128.000000) (-1776.000000 576.000000 128.000000) 
4 101 103 (-1712.000000 576.000000 162.285714) (-1776.000000 576.000000 171.428571) (-1776.000000 576.000000 128.000000) (-1712.000000 576.000000 128.000000) 
4 101 106 (-1872.000000 576.000000 185.142857) (-1936.000000 576.000000 194.285714) (-1936.000000 576.000000 128.000000) (-1872.000000 576.000000 128.000000) 
4 102 104 (-1872.000000 452.000000 240.000000) (-1872.000000 576.000000 240.000000) (-1776.000000 576.000000 240.000000) (-1776.000000 452.000000 240.000000) 
4 102 103 (-1712.000000 448.000000 240.000000) (-1776.000000 448.000000 240.000000) (-1776.000000 576.000000 240.000000) (-1712.000000 576.000000 240.000000) 
4 102 106 (-1872.000000 448.000000 240.000000) (-1872.000000 448.000000 384.000000) (-1872.000000 576.000000 384.000000) (-1872.000000 576.000000 240.000000) 
4 103 104 (-1776.000000 576.000000 240.000000) (-1776.000000 576.000000 128.000000) (-1776.000000 452.000000 128.000000) (-1776.000000 452.000000 240.000000) 
4 104 106 (-1872.000000 576.000000 128.000000) (-1872.000000 452.000000 128.000000) (-1872.000000 452.000000 240.000000) (-1872.000000 576.000000 240.000000) 
4 107 114 (272.000000 224.000000 416.000000) (272.000000 400.000000 416.000000) (272.000000 400.000000 272.000000) (272.000000 224.000000 272.000000) 
4 107 108 (272.000000 256.000000 272.000000) (272.000000 384.000000 272.000000) (400.000000 384.000000 272.000000) (400.000000 256.000000 272.000000) 
4 108 110 (272.000000 256.000000 256.000000) (272.000000 320.000000 256.000000) (400.000000 320.000000 256.000000) (400.000000 256.000000 256.000000) 
4 108 109 (272.000000 320.000000 256.000000) (272.000000 384.000000 256.000000) (400.000000 384.000000 256.000000) (400.000000 320.000000 256.000000) 
4 109 115 (272.000000 320.000000 256.000000) (272.000000 400.000000 256.000000) (272.000000 400.000000 0.000000) (272.000000 320.000000 0.000000) 
4 109 110 (272.000000 320.000000 0.000000) (576.000000 320.000000 0.000000) (576.000000 320.000000 256.000000) (272.000000 320.000000 256.000000) 
4 110 115 (272.000000 160.000000 256.000000) (272.000000 320.000000 256.000000) (272.000000 320.000000 0.000000) (272.000000 160.000000 0.000000) 
4 110 111 (272.000000 160.000000 0.000000) (704.000000 160.000000 0.000000) (704.000000 160.000000 256.000000) (272.000000 160.000000 256.000000) 
4 111 115 (272.000000 -160.000000 256.000000) (272.000000 160.000000 256.000000) (272.000000 160.000000 0.000000) (272.000000 -160.000000 0.000000) 
4 111 113 (496.000000 112.000000 0.000000) (528.000000 112.000000 0.000000) (528.000000 -112.000000 0.000000) (496.000000 -112.000000 0.000000) 
4 111 112 (272.000000 -160.000000 256.000000) (272.000000 -160.000000 0.000000) (704.000000 -160.000000 0.000000) (704.000000 -160.000000 256.000000) 
4 112 115 (272.000000 -384.000000 256.000000) (272.000000 -160.000000 256.000000) (272.000000 -160.000000 0.000000) (272.000000 -384.000000 0.000000) 
4 115 118 (144.000000 -112.000000 0.000000) (128.000000 -112.000000 0.000000) (128.000000 112.000000 0.000000) (144.000000 112.000000 0.000000) 
4 115 116 (128.000000 256.000000 0.000000) (128.000000 -384.000000 0.000000) (128.000000 -384.000000 256.000000) (128.000000 256.000000 256.000000) 
4 116 118 (128.000000 112.000000 0.000000) (128.000000 -112.000000 0.000000) (112.000000 -112.000000 0.000000) (112.000000 112.000000 0.000000) 
4 116 117 (0.000000 256.000000 0.000000) (0.000000 -384.000000 0.000000) (0.000000 -384.000000 256.000000) (0.000000 256.000000 256.000000) 
4 117 122 (-384.000000 384.000000 0.000000) (-384.000000 -384.000000 0.000000) (-384.000000 -384.000000 112.000000) (-384.000000 384.000000 112.000000) 
4 117 121 (-384.000000 -384.000000 112.000000) (-384.000000 -384.000000 256.000000) (-384.000000 384.000000 256.000000) (-384.000000 384.000000 112.000000) 
4 117 119 (-272.000000 112.000000 0.000000) (-240.000000 112.000000 0.000000) (-240.000000 -112.000000 0.000000) (-272.000000 -112.000000 0.000000) 
4 120 123 (-688.000000 384.000000 0.000000) (-592.000000 384.000000 0.000000) (-592.000000 384.000000 112.000000) (-688.000000 384.000000 112.000000) 
4 120 122 (-592.000000 384.000000 0.000000) (-576.000000 384.000000 0.000000) (-576.000000 384.000000 112.000000) (-592.000000 384.000000 112.000000) 
4 120 121 (-576.000000 384.000000 112.000000) (-576.000000 384.000000 256.000000) (-688.000000 384.000000 256.000000) (-688.000000 384.000000 112.000000) 
4 120 125 (-688.000000 400.000000 256.000000) (-688.000000 400.000000 0.000000) (-688.000000 384.000000 0.000000) (-688.000000 384.000000 256.000000) 
4 121 123 (-688.000000 -556.000000 112.000000) (-688.000000 384.000000 112.000000) (-592.000000 384.000000 112.000000) (-592.000000 -556.000000 112.000000) 
4 121 122 (-592.000000 384.000000 112.000000) (-384.000000 384.000000 112.000000) (-384.000000 -560.000000 112.000000) (-592.000000 -560.000000 112.000000) 
4 121 125 (-688.000000 -560.000000 112.000000) (-688.000000 -560.000000 256.000000) (-688.000000 384.000000 256.000000) (-688.000000 384.000000 112.000000) 
4 122 123 (-592.000000 384.000000 112.000000) (-592.000000 384.000000 0.000000) (-592.000000 -556.000000 0.000000) (-592.000000 -556.000000 112.000000) 
4 123 130 (-656.000000 112.000000 0.000000) (-624.000000 112.000000 0.000000) (-624.000000 -112.000000 0.000000) (-656.000000 -112.000000 0.000000) 
4 123 125 (-688.000000 384.000000 0.000000) (-688.000000 -556.000000 0.000000) (-688.000000 -556.000000 112.000000) (-688.000000 384.000000 112.000000) 
4 125 129 (-896.000000 -160.000000 0.000000) (-896.000000 -384.000000 0.000000) (-896.000000 -384.000000 256.000000) (-896.000000 -160.000000 256.000000) 
4 125 128 (-896.000000 160.000000 0.000000) (-896.000000 -160.000000 0.000000) (-896.000000 -160.000000 256.000000) (-896.000000 160.000000 256.000000) 
4 125 127 (-896.000000 320.000000 0.000000) (-896.000000 160.000000 0.000000) (-896.000000 160.000000 256.000000) (-896.000000 320.000000 256.000000) 
4 125 126 (-896.000000 400.000000 256.000000) (-896.000000 400.000000 0.000000) (-896.000000 320.000000 0.000000) (-896.000000 320.000000 256.000000) 
4 126 127 (-1024.000000 320.000000 0.000000) (-896.000000 320.000000 0.000000) (-896.000000 320.000000 256.000000) (-1024.000000 320.000000 256.000000) 
4 127 128 (-1216.000000 160.000000 0.000000) (-896.000000 160.000000 0.000000) (-896.000000 160.000000 256.000000) (-1216.000000 160.000000 256.000000) 
4 128 131 (-1008.000000 -112.000000 0.000000) (-1040.000000 -112.000000 0.000000) (-1040.000000 112.000000 0.000000) (-1008.000000 112.000000 0.000000) 
4 128 129 (-1216.000000 -160.000000 0.000000) (-896.000000 -160.000000 0.000000) (-896.000000 -160.000000 256.000000) (-1216.000000 -160.000000 256.000000) 
