sdHLCSG v1.1.2 64-bit (Sep  9 2022)
seedee's Half-Life Compilation Tools
Based on code modifications by Sean 'Zoner' Cavanaugh and Vluzacn
Based on Valve's version, modified with permission.
Submit detailed bug reports to (github.com/seedee/SDHLT/issues)
-----  BEGIN  sdHLCSG -----
Command line: "C:/Users/Joe/Desktop/Modding and  Mapping/Seedees/tools/sdHLCSG_x64.exe" "C:\Program Files (x86)\Steam\steamapps\common\Half-Life\halogs\maps\sl_ratrace" 
Arguments: "C:\Program Files (x86)\Steam\steamapps\common\Half-Life\halogs\maps\sl_ratrace" -low 
Entering C:\Program Files (x86)\Steam\steamapps\common\Half-Life\halogs\maps\sl_ratrace.map

Current sdHLCSG Settings
Name                 |  Setting  |  Default
---------------------|-----------|-------------------------
threads               [      12 ] [  Varies ]
verbose               [     off ] [     off ]
log                   [      on ] [      on ]
reset logfile         [      on ] [      on ]
developer             [       0 ] [       0 ]
chart                 [      on ] [      on ]
estimate              [     off ] [     off ]
max texture memory    [ 33554432 ] [ 33554432 ]
max lighting memory   [ 50331648 ] [ 50331648 ]
priority              [     Low ] [  Normal ]

noclip                [     off ] [     off ]
null texture stripping[      on ] [      on ]
clipnode economy mode [     off ] [     off ]
clip hull type        [  simple ] [  simple ]
onlyents              [     off ] [     off ]
wadtextures           [      on ] [      on ]
skyclip               [      on ] [      on ]
hullfile              [    None ] [    None ]
wad configuration file[    None ] [    None ]
wad.cfg group name    [    None ] [    None ]
nullfile              [    None ] [    None ]
nullify trigger       [      on ] [      on ]
min surface area      [   0.000 ] [   0.000 ]
brush union threshold [   0.000 ] [   0.000 ]
map scaling           [    None ] [    None ]
light name optimize   [      on ] [      on ]
convert game_text     [      on ] [      on ]
world extent          [   65536 ] [   65536 ]

Using mapfile wad configuration
Wadinclude list :
[sdhlt.wad]

CreateBrush:
Warning: Illegal Brush (edge without opposite face): Entity 182, Brush 1

 (0.01 seconds)
CSGBrush:
 (0.13 seconds)

added 6 additional animating textures.
Including Wadfile: \Users\Joe\Desktop\Modding and  Mapping\Seedees\tools\sdhlt.wad
 - Contains 1 used texture, 3.85 percent of map (27 textures in wad)
Using Wadfile: \Program Files (x86)\Steam\steamapps\common\Half-Life\halogs\fonts.wad
 - Contains 0 used textures, 0.00 percent of map (3 textures in wad)
Using Wadfile: \Program Files (x86)\Steam\steamapps\common\Half-Life\halogs\gfx.wad
 - Contains 0 used textures, 0.00 percent of map (7 textures in wad)
Using Wadfile: \Program Files (x86)\Steam\steamapps\common\Half-Life\halogs\halflife.wad
 - Contains 23 used textures, 88.46 percent of map (3116 textures in wad)
Using Wadfile: \Program Files (x86)\Steam\steamapps\common\Half-Life\halogs\liquids.wad
 - Contains 1 used texture, 3.85 percent of map (32 textures in wad)
Using Wadfile: \Program Files (x86)\Steam\steamapps\common\Half-Life\halogs\tempdecal.wad
 - Contains 0 used textures, 0.00 percent of map (1 textures in wad)
Using Wadfile: \Program Files (x86)\Steam\steamapps\common\Half-Life\halogs\xeno.wad
 - Contains 1 used texture, 3.85 percent of map (264 textures in wad)
Using Wadfile: \Users\Joe\Desktop\Modding and  Mapping\Seedees\tools\hlof.wad
 - Contains 0 used textures, 0.00 percent of map (628 textures in wad)

Wad files required to run the map: "fonts.wad;gfx.wad;halflife.wad;liquids.wad;tempdecal.wad;xeno.wad;hlof.wad;"
Texture usage is at 0.39 mb (of 32.00 mb MAX)

Object names  Objects/Maxobjs  Memory / Maxmem  Fullness
------------  ---------------  ---------------  --------
models              0/512            0/32768    ( 0.0%)
planes           4080/32768      81600/655360   (12.5%)
vertexes            0/65535          0/786420   ( 0.0%)
nodes               0/32767          0/786408   ( 0.0%)
texinfos          369/32767      14760/1310680  ( 1.1%)
faces               0/65535          0/1310700  ( 0.0%)
* worldfaces        0/32768          0/0        ( 0.0%)
clipnodes           0/32767          0/262136   ( 0.0%)
leaves              0/32760          0/917280   ( 0.0%)
* worldleaves       0/8192           0/0        ( 0.0%)
marksurfaces        0/65535          0/131070   ( 0.0%)
surfedges           0/512000         0/2048000  ( 0.0%)
edges               0/256000         0/1024000  ( 0.0%)
texdata          [variable]       3280/33554432 ( 0.0%)
lightdata        [variable]          0/50331648 ( 0.0%)
visdata          [variable]          0/8388608  ( 0.0%)
entdata          [variable]      40475/2097152  ( 1.9%)
* AllocBlock        0/64             0/0        ( 0.0%)
26 textures referenced
=== Total BSP file data space used: 140115 bytes ===
Wad files required to run the map: "fonts.wad;gfx.wad;halflife.wad;liquids.wad;tempdecal.wad;xeno.wad;hlof.wad;"
0.19 seconds elapsed

-----   END   sdHLCSG -----



sdHLBSP v1.1.2 64-bit (Sep  9 2022)
seedee's Half-Life Compilation Tools
Based on code modifications by Sean 'Zoner' Cavanaugh and Vluzacn
Based on Valve's version, modified with permission.
Submit detailed bug reports to (github.com/seedee/SDHLT/issues)
-----  BEGIN  sdHLBSP -----
Command line: "C:/Users/Joe/Desktop/Modding and  Mapping/Seedees/tools/sdHLBSP_x64.exe" "C:\Program Files (x86)\Steam\steamapps\common\Half-Life\halogs\maps\sl_ratrace" 
Arguments: "C:\Program Files (x86)\Steam\steamapps\common\Half-Life\halogs\maps\sl_ratrace" -low 

Current sdHLBSP Settings
Name               |  Setting  |  Default
-------------------|-----------|-------------------------
threads             [      12 ] [  Varies ]
verbose             [     off ] [     off ]
log                 [      on ] [      on ]
developer           [       0 ] [       0 ]
chart               [      on ] [      on ]
estimate            [     off ] [     off ]
max texture memory  [ 33554432 ] [ 33554432 ]
priority            [     Low ] [  Normal ]

noclip              [     off ] [     off ]
nofill              [     off ] [     off ]
noinsidefill        [     off ] [     off ]
noopt               [     off ] [     off ]
no clipnode merging [     off ] [     off ]
null tex. stripping [      on ] [      on ]
notjunc             [     off ] [     off ]
nobrink             [     off ] [     off ]
subdivide size      [     240 ] [     240 ] (Min 64) (Max 512)
max node size       [    1024 ] [    1024 ] (Min 64) (Max 65536)
remove hull 2       [     off ] [     off ]


SolidBSP [hull 0] 500...1000...1320 (0.04 seconds)
BSP generation successful, writing portal file 'C:\Program Files (x86)\Steam\steamapps\common\Half-Life\halogs\maps\sl_ratrace.prt'
SolidBSP [hull 1] 500...1000...1426 (0.05 seconds)
SolidBSP [hull 2] 500...1000...1439 (0.05 seconds)
SolidBSP [hull 3] 500...1000...1483 (0.05 seconds)
Reduced 3577 clipnodes to 3295
Reduced 369 texinfos to 270
Reduced 26 texdatas to 26 (3280 bytes to 3280)
Reduced 4080 planes to 1430
FixBrinks:
Increased 3295 clipnodes to 3369.

Object names  Objects/Maxobjs  Memory / Maxmem  Fullness
------------  ---------------  ---------------  --------
models             33/512         2112/32768    ( 6.4%)
planes           1430/32768      28600/655360   ( 4.4%)
vertexes         2880/65535      34560/786420   ( 4.4%)
nodes            1183/32767      28392/786408   ( 3.6%)
texinfos          270/32767      10800/1310680  ( 0.8%)
faces            1841/65535      36820/1310700  ( 2.8%)
* worldfaces     1763/32768          0/0        ( 5.4%)
clipnodes        3369/32767      26952/262136   (10.3%)
leaves            669/32760      18732/917280   ( 2.0%)
* worldleaves     471/8192           0/0        ( 5.7%)
marksurfaces     2653/65535       5306/131070   ( 4.0%)
surfedges        8541/512000     34164/2048000  ( 1.7%)
edges            4932/256000     19728/1024000  ( 1.9%)
texdata          [variable]       3280/33554432 ( 0.0%)
lightdata        [variable]          0/50331648 ( 0.0%)
visdata          [variable]          0/8388608  ( 0.0%)
entdata          [variable]      40475/2097152  ( 1.9%)
* AllocBlock        8/64             0/0        (12.5%)
26 textures referenced
=== Total BSP file data space used: 289921 bytes ===
Wad files required to run the map: "fonts.wad;gfx.wad;halflife.wad;liquids.wad;tempdecal.wad;xeno.wad;hlof.wad;"
0.54 seconds elapsed

-----   END   sdHLBSP -----



sdHLVIS v1.1.2 64-bit (Sep  9 2022)
seedee's Half-Life Compilation Tools
Based on code modifications by Sean 'Zoner' Cavanaugh and Vluzacn
Based on Valve's version, modified with permission.
Submit detailed bug reports to (github.com/seedee/SDHLT/issues)
-----  BEGIN  sdHLVIS -----
Command line: "C:/Users/Joe/Desktop/Modding and  Mapping/Seedees/tools/sdHLVIS_x64.exe" "C:\Program Files (x86)\Steam\steamapps\common\Half-Life\halogs\maps\sl_ratrace" 
Arguments: "C:\Program Files (x86)\Steam\steamapps\common\Half-Life\halogs\maps\sl_ratrace" -low 
 132 portalleafs
 279 numportals

-= Current sdHLVIS Settings =-
Name               |  Setting  |  Default
-------------------|-----------|-------------------------
threads             [      12 ] [  Varies ]
verbose             [     off ] [     off ]
log                 [      on ] [      on ]
developer           [       0 ] [       0 ]
chart               [      on ] [      on ]
estimate            [     off ] [     off ]
max texture memory  [ 33554432 ] [ 33554432 ]
max vis distance    [       0 ] [       0 ]
priority            [     Low ] [  Normal ]

fast vis            [     off ] [     off ]
full vis            [     off ] [     off ]
nofixprt            [     off ] [     off ]


BasePortalVis:
 (0.00 seconds)
LeafThread:
 (0.01 seconds)
average leafs visible: 44
g_visdatasize:4567  compressed from 2244

Reading portal file 'C:\Program Files (x86)\Steam\steamapps\common\Half-Life\halogs\maps\sl_ratrace.prt'
Reduced 413 lines to 281
Optimization for J.A.C.K. map editor successful, writing portal file 'C:\Program Files (x86)\Steam\steamapps\common\Half-Life\halogs\maps\sl_ratrace.prt'

Object names  Objects/Maxobjs  Memory / Maxmem  Fullness
------------  ---------------  ---------------  --------
models             33/512         2112/32768    ( 6.4%)
planes           1430/32768      28600/655360   ( 4.4%)
vertexes         2880/65535      34560/786420   ( 4.4%)
nodes            1183/32767      28392/786408   ( 3.6%)
texinfos          270/32767      10800/1310680  ( 0.8%)
faces            1841/65535      36820/1310700  ( 2.8%)
* worldfaces     1763/32768          0/0        ( 5.4%)
clipnodes        3369/32767      26952/262136   (10.3%)
leaves            669/32760      18732/917280   ( 2.0%)
* worldleaves     471/8192           0/0        ( 5.7%)
marksurfaces     2653/65535       5306/131070   ( 4.0%)
surfedges        8541/512000     34164/2048000  ( 1.7%)
edges            4932/256000     19728/1024000  ( 1.9%)
texdata          [variable]       3280/33554432 ( 0.0%)
lightdata        [variable]          0/50331648 ( 0.0%)
visdata          [variable]       4567/8388608  ( 0.1%)
entdata          [variable]      40475/2097152  ( 1.9%)
* AllocBlock        8/64             0/0        (12.5%)
26 textures referenced
=== Total BSP file data space used: 294488 bytes ===
Wad files required to run the map: "fonts.wad;gfx.wad;halflife.wad;liquids.wad;tempdecal.wad;xeno.wad;hlof.wad;"
0.04 seconds elapsed

-----   END   sdHLVIS -----



sdHLRAD v1.1.2 64-bit (Sep  9 2022)
seedee's Half-Life Compilation Tools
Based on code modifications by Sean 'Zoner' Cavanaugh and Vluzacn
Based on Valve's version, modified with permission.
Submit detailed bug reports to (github.com/seedee/SDHLT/issues)
-----  BEGIN  sdHLRAD -----
Command line: "C:/Users/Joe/Desktop/Modding and  Mapping/Seedees/tools/sdHLRAD_x64.exe" "C:\Program Files (x86)\Steam\steamapps\common\Half-Life\halogs\maps\sl_ratrace" 
Arguments: "C:\Program Files (x86)\Steam\steamapps\common\Half-Life\halogs\maps\sl_ratrace" -low 

-= Current sdHLRAD Settings =-
Name                | Setting             | Default
--------------------|---------------------|-------------------------
threads              [                12 ] [            Varies ]
verbose              [               off ] [               off ]
log                  [                on ] [                on ]
developer            [                 0 ] [                 0 ]
chart                [                on ] [                on ]
estimate             [               off ] [               off ]
max texture memory   [          33554432 ] [          33554432 ]
max lighting memory  [          50331648 ] [          50331648 ]
priority             [               Low ] [            Normal ]

fast rad             [               off ] [               off ]
vismatrix algorithm  [            Sparse ] [            Sparse ]
oversampling (-extra)[               off ] [               off ]
bounces              [                 8 ] [                 8 ]
ambient light        [ 0.000 0.000 0.000 ] [ 0.000 0.000 0.000 ]
light limit threshold[           188.000 ] [           188.000 ]
circus mode          [               off ] [               off ]

smoothing threshold  [            50.000 ] [            50.000 ]
smoothing threshold 2[         no change ] [         no change ]
direct threshold     [            10.000 ] [            10.000 ]
direct light scale   [             1.000 ] [             1.000 ]
coring threshold     [             0.010 ] [             0.010 ]
patch interpolation  [                on ] [                on ]

texscale             [                on ] [                on ]
patch subdividing    [                on ] [                on ]
chop value           [            64.000 ] [            64.000 ]
texchop value        [            32.000 ] [            32.000 ]

global fade          [             1.000 ] [             1.000 ]
global texlight gap  [             0.000 ] [             0.000 ]
global light scale   [ 2.000 2.000 2.000 ] [ 2.000 2.000 2.000 ]
global gamma         [ 0.550 0.550 0.550 ] [ 0.550 0.550 0.550 ]
global light scale   [             2.000 ] [             2.000 ]
global sky diffusion [             1.000 ] [             1.000 ]

spread angles        [                on ] [                on ]
opaque entities      [                on ] [                on ]
sky lighting fix     [                on ] [                on ]
incremental          [               off ] [               off ]
dump                 [               off ] [               off ]

colour jitter        [       0.0 0.0 0.0 ] [       0.0 0.0 0.0 ]
monochromatic jitter [       0.0 0.0 0.0 ] [       0.0 0.0 0.0 ]

custom shadows with bounce light
                     [               off ] [               off ]
rgb transfers        [               off ] [               off ]
minimum final light  [                 0 ] [                 0 ]
size of transfer     [         1 (16bit) ] [         1 (16bit) ]
size of rgbtransfer  [         2 (32bit) ] [         2 (32bit) ]
soft sky             [                on ] [                on ]
translucent depth    [             2.000 ] [             2.000 ]
block opaque         [                on ] [                on ]
ignore textures      [               off ] [               off ]
reflectivity gamma   [             1.760 ] [             1.760 ]
reflectivity scale   [             0.700 ] [             0.700 ]
blur size            [             1.500 ] [             1.500 ]
no emitter range     [               off ] [               off ]
wall bleeding fix    [                on ] [                on ]


Load Textures:
Using Wadfile: C:\Program Files (x86)\Steam\steamapps\common\Half-Life\halogs\maps\sl_ratrace.wa_
26 textures referenced
Reading texlights from 'C:\Users\Joe\Desktop\Modding and  Mapping\Seedees\tools\lights.rad'
0 opaque models
0 opaque faces
1841 faces
Create Patches : 8345 base patches
141436 square feet [20366856.00 square inches]
103 direct lights and 16386 fast direct lights
2 light styles

FindFacePositions:
 (0.27 seconds)
BuildFacelights:
 (1.86 seconds)
BuildVisLeafs:
 (0.30 seconds)
visibility matrix   :   2.7 megs
MakeScales:
 (0.28 seconds)
Transfer Lists :     5650803 :     5.65M transfers
       Indices :     4298072 :     4.10M bytes
          Data :    11325534 :    10.80M bytes
Bounce 1 GatherLight:
 (0.02 seconds)
Bounce 2 GatherLight:
 (0.02 seconds)
Bounce 3 GatherLight:
 (0.02 seconds)
Bounce 4 GatherLight:
 (0.02 seconds)
Bounce 5 GatherLight:
 (0.03 seconds)
Bounce 6 GatherLight:
 (0.03 seconds)
Bounce 7 GatherLight:
 (0.02 seconds)
Bounce 8 GatherLight:
 (0.03 seconds)
CreateTriangulations:
 (0.01 seconds)
AddPatchLights:
 (0.43 seconds)
FinalLightFace:
 (0.00 seconds)

Object names  Objects/Maxobjs  Memory / Maxmem  Fullness
------------  ---------------  ---------------  --------
models             33/512         2112/32768    ( 6.4%)
planes           1430/32768      28600/655360   ( 4.4%)
vertexes         2880/65535      34560/786420   ( 4.4%)
nodes            1183/32767      28392/786408   ( 3.6%)
texinfos          270/32767      10800/1310680  ( 0.8%)
faces            1841/65535      36820/1310700  ( 2.8%)
* worldfaces     1763/32768          0/0        ( 5.4%)
clipnodes        3369/32767      26952/262136   (10.3%)
leaves            669/32760      18732/917280   ( 2.0%)
* worldleaves     471/8192           0/0        ( 5.7%)
marksurfaces     2653/65535       5306/131070   ( 4.0%)
surfedges        8541/512000     34164/2048000  ( 1.7%)
edges            4932/256000     19728/1024000  ( 1.9%)
texdata          [variable]       3280/33554432 ( 0.0%)
lightdata        [variable]     561345/50331648 ( 1.1%)
visdata          [variable]       4567/8388608  ( 0.1%)
entdata          [variable]      40475/2097152  ( 1.9%)
* AllocBlock        8/64             0/0        (12.5%)
26 textures referenced
=== Total BSP file data space used: 855833 bytes ===
Wad files required to run the map: "fonts.wad;gfx.wad;halflife.wad;liquids.wad;tempdecal.wad;xeno.wad;hlof.wad;"
3.54 seconds elapsed

-----   END   sdHLRAD -----



